TN:
SF:index.js
FN:150,extend
FN:199,compare
FN:202,extract
FN:204,objectify
FN:284,Strata
FN:288,(anonymous_6)
FN:300,(anonymous_7)
FN:305,(anonymous_8)
FN:309,(anonymous_9)
FN:312,validator
FN:313,(anonymous_11)
FN:316,check
FN:319,(anonymous_13)
FN:336,_size
FN:338,_nextAddress
FN:342,report
FN:364,readLine
FN:388,filename
FN:399,replace
FN:406,stat
FN:411,unlinked
FN:418,rename
FN:423,unlink
FN:456,link
FN:466,_unlink
FN:509,heft
FN:611,createLeaf
FN:629,encache
FN:652,cacheRecord
FN:674,uncacheRecord
FN:699,writeJSON
FN:717,stat
FN:723,positioned
FN:738,send
FN:742,sent
FN:826,writeInsert
FN:860,writeDelete
FN:915,writePositions
FN:927,readLeaf
FN:952,opened
FN:956,stat
FN:962,input
FN:973,iterate
FN:1005,replay
FN:1013,(anonymous_45)
FN:1027,(anonymous_46)
FN:1038,closed
FN:1052,readJSON
FN:1081,readRecord
FN:1089,stat
FN:1094,positioned
FN:1098,input
FN:1101,read
FN:1105,json
FN:1118,closed
FN:1139,rewriteLeaf
FN:1151,opened
FN:1164,iterate
FN:1171,rewrite
FN:1178,stashed
FN:1184,written
FN:1193,append
FN:1203,close
FN:1380,createBranch
FN:1411,splice
FN:1455,cacheKey
FN:1468,uncacheKey
FN:1484,writeBranch
FN:1499,readBranch
FN:1501,(anonymous_70)
FN:1529,create
FN:1534,stat
FN:1538,extant
FN:1543,empty
FN:1544,(anonymous_75)
FN:1558,written
FN:1565,replaced
FN:1604,open
FN:1609,stat
FN:1613,list
FN:1614,(anonymous_81)
FN:1629,close
FN:1713,lock
FN:1793,checkJSONSize
FN:1835,load
FN:1848,loaded
FN:1849,(anonymous_87)
FN:1850,(anonymous_88)
FN:1885,unlock
FN:1896,(anonymous_90)
FN:1897,(anonymous_91)
FN:1910,stash
FN:1913,(anonymous_93)
FN:1933,designate
FN:1936,(anonymous_95)
FN:1947,next
FN:1950,(anonymous_97)
FN:1956,(anonymous_98)
FN:1957,(anonymous_99)
FN:1968,unwind
FN:1982,find
FN:1987,test
FN:1996,compare
FN:2138,Descent
FN:2155,_page
FN:2158,_index
FN:2163,index_
FN:2167,_indexes
FN:2171,_depth
FN:2177,_lesser
FN:2183,_greater
FN:2216,fork
FN:2231,exclude
FN:2239,upgrade
FN:2244,locked
FN:2256,key
FN:2257,(anonymous_117)
FN:2263,left
FN:2283,right
FN:2292,found
FN:2293,(anonymous_121)
FN:2299,child
FN:2299,(anonymous_123)
FN:2302,address
FN:2302,(anonymous_125)
FN:2305,penultimate
FN:2308,leaf
FN:2312,level
FN:2313,(anonymous_129)
FN:2325,unlocker
FN:2337,uncaching_
FN:2343,unlocker_
FN:2350,descend
FN:2355,downward
FN:2372,locked
FN:2379,directed
FN:2490,Cursor
FN:2498,get
FN:2500,unstashed
FN:2506,next
FN:2525,locked
FN:2544,indexOf
FN:2549,unlock
FN:2554,_index
FN:2556,_offset
FN:2558,_length
FN:2680,insert
FN:2712,ambiguity
FN:2724,load
FN:2728,compare
FN:2734,insert
FN:2745,write
FN:2749,written
FN:2759,close
FN:2769,remove
FN:2782,opened
FN:2786,written
FN:2802,closed
FN:3282,Balancer
FN:3293,balancerReport
FN:3306,unbalanced
FN:3372,balance
FN:3405,gather
FN:3430,nodify
FN:3431,(anonymous_165)
FN:3434,identified
FN:3443,(anonymous_167)
FN:3456,checkMerge
FN:3465,leftSibling
FN:3469,goToLeaf
FN:3476,checkLists
FN:3486,attach
FN:3495,rightSibling
FN:3505,attach
FN:3513,next
FN:3526,plan
FN:3535,terminate
FN:3547,unlink
FN:3633,operate
FN:3635,shift
FN:3660,shouldSplitBranch
FN:3687,splitLeaf
FN:3706,upgrade
FN:3711,fork
FN:3718,dirty
FN:3728,partition
FN:3743,paginate
FN:3749,shuffle
FN:3769,copy
FN:3775,uncache
FN:3788,copied
FN:3800,replaced
FN:3805,paginated
FN:3815,transact
FN:3820,commit
FN:3825,persist
FN:3826,(anonymous_197)
FN:3829,complete
FN:3832,(anonymous_199)
FN:3857,rebalance
FN:3864,cleanup
FN:3868,(anonymous_202)
FN:3879,splitBranch
FN:3898,upgrade
FN:3903,fork
FN:3913,partition
FN:3928,paginate
FN:3945,(anonymous_208)
FN:3956,paginated
FN:3961,(anonymous_210)
FN:3967,(anonymous_211)
FN:3973,childWritten
FN:3980,rootWritten
FN:3985,committing
FN:3986,(anonymous_215)
FN:3992,childCommitted
FN:4003,cleanup
FN:4007,(anonymous_218)
FN:4027,drainRoot
FN:4033,partition
FN:4044,paginate
FN:4061,(anonymous_222)
FN:4071,paginated
FN:4076,(anonymous_224)
FN:4079,(anonymous_225)
FN:4085,childWritten
FN:4092,rootWritten
FN:4097,committing
FN:4098,(anonymous_229)
FN:4104,childCommitted
FN:4111,rootCommitted
FN:4112,(anonymous_232)
FN:4121,exorcise
FN:4132,opened
FN:4135,written
FN:4139,closed
FN:4145,deleteGhost
FN:4151,upgrade
FN:4163,descendLeaf
FN:4173,shift
FN:4177,release
FN:4178,(anonymous_242)
FN:4195,mergePages
FN:4212,upgrade
FN:4218,parentOfPageToMerge
FN:4238,(anonymous_246)
FN:4265,parentOfLeftSibling
FN:4279,gatherLockedPages
FN:4315,descendToLeftPageToMerge
FN:4322,descendToRightPageToMerge
FN:4327,merge
FN:4331,merged
FN:4336,uncachePivot
FN:4342,renameRightPageToMerge
FN:4346,rewriteKeyedBranchPage
FN:4356,rewriteEmpties
FN:4364,beginCommit
FN:4378,unlinkEmpties
FN:4387,replaceLeftPageToMerge
FN:4391,unlinkRightPageToMerge
FN:4395,endCommit
FN:4400,propagate
FN:4402,(anonymous_263)
FN:4428,mergeLeaves
FN:4433,stopper
FN:4441,merger
FN:4466,deleteGhost
FN:4471,merge
FN:4488,fetch
FN:4496,copy
FN:4511,rewriteLeftLeaf
FN:4524,resume
FN:4538,chooseBranchesToMerge
FN:4549,getKey
FN:4552,unlockPage
FN:4562,findPage
FN:4571,findLeftPage
FN:4584,findRightPage
FN:4600,choose
FN:4614,propagate
FN:4619,release
FN:4620,(anonymous_282)
FN:4628,mergeBranches
FN:4631,stopper
FN:4635,merger
FN:4640,(anonymous_286)
FN:4650,resume
FN:4666,fillRoot
FN:4675,getChild
FN:4682,fill
FN:4685,(anonymous_291)
FN:4687,(anonymous_292)
FN:4694,rewriteChild
FN:4699,beginCommit
FN:4704,unlinkChild
FN:4709,endCommit
FN:4710,(anonymous_297)
FN:4728,cursor
FN:4740,penultimate
FN:4745,leaf
FN:4750,iterator
FN:4755,mutator
FN:4760,balance
FN:4764,purge
FNF:304
FNH:304
FNDA:524,extend
FNDA:435,compare
FNDA:277,extract
FNDA:791,objectify
FNDA:55,Strata
FNDA:14531,(anonymous_6)
FNDA:46,(anonymous_7)
FNDA:2,(anonymous_8)
FNDA:713,(anonymous_9)
FNDA:2004,validator
FNDA:4298,(anonymous_11)
FNDA:5220,check
FNDA:5221,(anonymous_13)
FNDA:12,_size
FNDA:1,_nextAddress
FNDA:2,report
FNDA:485,readLine
FNDA:902,filename
FNDA:72,replace
FNDA:72,stat
FNDA:72,unlinked
FNDA:44,rename
FNDA:18,unlink
FNDA:673,link
FNDA:474,_unlink
FNDA:1195,heft
FNDA:133,createLeaf
FNDA:224,encache
FNDA:423,cacheRecord
FNDA:571,uncacheRecord
FNDA:197,writeJSON
FNDA:45,stat
FNDA:197,positioned
FNDA:202,send
FNDA:202,sent
FNDA:98,writeInsert
FNDA:27,writeDelete
FNDA:72,writePositions
FNDA:117,readLeaf
FNDA:117,opened
FNDA:117,stat
FNDA:234,input
FNDA:117,iterate
FNDA:117,replay
FNDA:60,(anonymous_45)
FNDA:291,(anonymous_46)
FNDA:117,closed
FNDA:237,readJSON
FNDA:222,readRecord
FNDA:105,stat
FNDA:222,positioned
FNDA:222,input
FNDA:237,read
FNDA:237,json
FNDA:222,closed
FNDA:36,rewriteLeaf
FNDA:36,opened
FNDA:116,iterate
FNDA:80,rewrite
FNDA:80,stashed
FNDA:80,written
FNDA:32,append
FNDA:36,close
FNDA:93,createBranch
FNDA:534,splice
FNDA:78,cacheKey
FNDA:150,uncacheKey
FNDA:37,writeBranch
FNDA:86,readBranch
FNDA:86,(anonymous_70)
FNDA:7,create
FNDA:7,stat
FNDA:6,extant
FNDA:5,empty
FNDA:15,(anonymous_75)
FNDA:8,written
FNDA:8,replaced
FNDA:48,open
FNDA:48,stat
FNDA:48,list
FNDA:214,(anonymous_81)
FNDA:48,close
FNDA:652,lock
FNDA:1293,checkJSONSize
FNDA:650,load
FNDA:203,loaded
FNDA:209,(anonymous_87)
FNDA:209,(anonymous_88)
FNDA:651,unlock
FNDA:2,(anonymous_90)
FNDA:2,(anonymous_91)
FNDA:829,stash
FNDA:222,(anonymous_93)
FNDA:441,designate
FNDA:253,(anonymous_95)
FNDA:187,next
FNDA:109,(anonymous_97)
FNDA:78,(anonymous_98)
FNDA:109,(anonymous_99)
FNDA:686,unwind
FNDA:343,find
FNDA:563,test
FNDA:385,compare
FNDA:442,Descent
FNDA:691,_page
FNDA:296,_index
FNDA:247,index_
FNDA:16,_indexes
FNDA:57,_depth
FNDA:5,_lesser
FNDA:5,_greater
FNDA:294,fork
FNDA:39,exclude
FNDA:25,upgrade
FNDA:25,locked
FNDA:172,key
FNDA:316,(anonymous_117)
FNDA:37,left
FNDA:23,right
FNDA:28,found
FNDA:62,(anonymous_121)
FNDA:4,child
FNDA:5,(anonymous_123)
FNDA:5,address
FNDA:15,(anonymous_125)
FNDA:284,penultimate
FNDA:248,leaf
FNDA:59,level
FNDA:107,(anonymous_129)
FNDA:371,unlocker
FNDA:20,uncaching_
FNDA:16,unlocker_
FNDA:345,descend
FNDA:721,downward
FNDA:376,locked
FNDA:376,directed
FNDA:104,Cursor
FNDA:370,get
FNDA:370,unstashed
FNDA:155,next
FNDA:99,locked
FNDA:27,indexOf
FNDA:204,unlock
FNDA:30,_index
FNDA:161,_offset
FNDA:516,_length
FNDA:21,insert
FNDA:5,ambiguity
FNDA:5,load
FNDA:5,compare
FNDA:18,insert
FNDA:18,write
FNDA:18,written
FNDA:18,close
FNDA:27,remove
FNDA:27,opened
FNDA:27,written
FNDA:27,closed
FNDA:76,Balancer
FNDA:2,balancerReport
FNDA:70,unbalanced
FNDA:23,balance
FNDA:27,gather
FNDA:43,nodify
FNDA:43,(anonymous_165)
FNDA:43,identified
FNDA:43,(anonymous_167)
FNDA:27,checkMerge
FNDA:11,leftSibling
FNDA:11,goToLeaf
FNDA:11,checkLists
FNDA:11,attach
FNDA:17,rightSibling
FNDA:11,attach
FNDA:27,next
FNDA:21,plan
FNDA:32,terminate
FNDA:7,unlink
FNDA:21,operate
FNDA:41,shift
FNDA:7,shouldSplitBranch
FNDA:7,splitLeaf
FNDA:7,upgrade
FNDA:7,fork
FNDA:7,dirty
FNDA:7,partition
FNDA:19,paginate
FNDA:12,shuffle
FNDA:31,copy
FNDA:31,uncache
FNDA:12,copied
FNDA:12,replaced
FNDA:7,paginated
FNDA:7,transact
FNDA:7,commit
FNDA:7,persist
FNDA:19,(anonymous_197)
FNDA:17,complete
FNDA:11,(anonymous_199)
FNDA:6,rebalance
FNDA:6,cleanup
FNDA:12,(anonymous_202)
FNDA:1,splitBranch
FNDA:1,upgrade
FNDA:1,fork
FNDA:1,partition
FNDA:1,paginate
FNDA:2,(anonymous_208)
FNDA:1,paginated
FNDA:1,(anonymous_210)
FNDA:2,(anonymous_211)
FNDA:2,childWritten
FNDA:1,rootWritten
FNDA:1,committing
FNDA:2,(anonymous_215)
FNDA:2,childCommitted
FNDA:1,cleanup
FNDA:2,(anonymous_218)
FNDA:1,drainRoot
FNDA:1,partition
FNDA:2,paginate
FNDA:4,(anonymous_222)
FNDA:1,paginated
FNDA:2,(anonymous_224)
FNDA:2,(anonymous_225)
FNDA:2,childWritten
FNDA:1,rootWritten
FNDA:1,committing
FNDA:2,(anonymous_229)
FNDA:2,childCommitted
FNDA:1,rootCommitted
FNDA:2,(anonymous_232)
FNDA:4,exorcise
FNDA:4,opened
FNDA:4,written
FNDA:4,closed
FNDA:1,deleteGhost
FNDA:1,upgrade
FNDA:1,descendLeaf
FNDA:1,shift
FNDA:1,release
FNDA:2,(anonymous_242)
FNDA:16,mergePages
FNDA:16,upgrade
FNDA:16,parentOfPageToMerge
FNDA:5,(anonymous_246)
FNDA:16,parentOfLeftSibling
FNDA:16,gatherLockedPages
FNDA:16,descendToLeftPageToMerge
FNDA:16,descendToRightPageToMerge
FNDA:16,merge
FNDA:16,merged
FNDA:16,uncachePivot
FNDA:16,renameRightPageToMerge
FNDA:16,rewriteKeyedBranchPage
FNDA:17,rewriteEmpties
FNDA:16,beginCommit
FNDA:17,unlinkEmpties
FNDA:16,replaceLeftPageToMerge
FNDA:16,unlinkRightPageToMerge
FNDA:16,endCommit
FNDA:16,propagate
FNDA:57,(anonymous_263)
FNDA:13,mergeLeaves
FNDA:13,stopper
FNDA:13,merger
FNDA:13,deleteGhost
FNDA:13,merge
FNDA:17,fetch
FNDA:17,copy
FNDA:13,rewriteLeftLeaf
FNDA:13,resume
FNDA:5,chooseBranchesToMerge
FNDA:5,getKey
FNDA:5,unlockPage
FNDA:5,findPage
FNDA:5,findLeftPage
FNDA:5,findRightPage
FNDA:5,choose
FNDA:3,propagate
FNDA:5,release
FNDA:13,(anonymous_282)
FNDA:3,mergeBranches
FNDA:3,stopper
FNDA:3,merger
FNDA:3,(anonymous_286)
FNDA:3,resume
FNDA:1,fillRoot
FNDA:1,getChild
FNDA:1,fill
FNDA:1,(anonymous_291)
FNDA:3,(anonymous_292)
FNDA:1,rewriteChild
FNDA:1,beginCommit
FNDA:1,unlinkChild
FNDA:1,endCommit
FNDA:2,(anonymous_297)
FNDA:106,cursor
FNDA:104,penultimate
FNDA:104,leaf
FNDA:68,iterator
FNDA:38,mutator
FNDA:23,balance
FNDA:7,purge
DA:150,47
DA:151,597
DA:152,524
DA:157,47
DA:199,435
DA:202,277
DA:204,47
DA:205,791
DA:206,791
DA:207,11403
DA:208,11403
DA:209,3074
DA:210,8329
DA:211,1326
DA:213,7003
DA:215,791
DA:284,47
DA:285,55
DA:288,14531
DA:300,46
DA:303,55
DA:305,2
DA:306,1
DA:308,54
DA:309,713
DA:312,55
DA:313,4298
DA:316,55
DA:317,5220
DA:318,5220
DA:319,5220
DA:320,5221
DA:321,9
DA:323,5212
DA:324,5212
DA:325,50
DA:327,5162
DA:330,4
DA:336,55
DA:338,55
DA:340,55
DA:342,55
DA:343,2
DA:364,55
DA:365,485
DA:366,485
DA:367,484
DA:368,483
DA:388,55
DA:389,902
DA:390,902
DA:391,902
DA:392,902
DA:393,902
DA:399,55
DA:400,72
DA:404,72
DA:406,72
DA:407,72
DA:408,72
DA:411,72
DA:412,72
DA:413,70
DA:418,55
DA:419,44
DA:423,55
DA:424,18
DA:456,55
DA:457,673
DA:458,673
DA:459,673
DA:460,673
DA:461,673
DA:462,673
DA:466,55
DA:467,474
DA:468,474
DA:469,474
DA:470,474
DA:509,55
DA:510,1195
DA:511,1195
DA:611,55
DA:612,133
DA:622,133
DA:625,55
DA:629,55
DA:630,224
DA:652,55
DA:654,423
DA:657,423
DA:660,423
DA:663,423
DA:666,423
DA:669,423
DA:674,55
DA:675,571
DA:676,571
DA:677,151
DA:678,151
DA:699,55
DA:700,197
DA:709,197
DA:710,197
DA:713,197
DA:714,45
DA:717,197
DA:718,45
DA:719,45
DA:723,197
DA:724,197
DA:726,197
DA:727,197
DA:728,197
DA:730,197
DA:732,197
DA:738,197
DA:739,202
DA:742,197
DA:743,202
DA:744,202
DA:745,202
DA:746,5
DA:826,55
DA:827,98
DA:828,98
DA:860,55
DA:861,27
DA:862,27
DA:915,55
DA:916,72
DA:917,72
DA:927,55
DA:931,117
DA:950,117
DA:952,117
DA:953,117
DA:956,117
DA:957,117
DA:958,117
DA:962,117
DA:963,234
DA:964,117
DA:965,117
DA:966,117
DA:967,117
DA:969,117
DA:973,117
DA:974,117
DA:975,117
DA:976,117
DA:977,117
DA:978,117
DA:979,10448
DA:980,10448
DA:981,177
DA:982,177
DA:983,177
DA:984,177
DA:985,117
DA:986,117
DA:987,117
DA:988,117
DA:989,117
DA:990,117
DA:991,117
DA:993,60
DA:994,60
DA:995,55
DA:997,60
DA:1001,117
DA:1002,117
DA:1005,117
DA:1008,117
DA:1012,117
DA:1013,117
DA:1014,60
DA:1015,60
DA:1016,60
DA:1017,55
DA:1018,5
DA:1019,3
DA:1020,3
DA:1022,2
DA:1027,117
DA:1028,291
DA:1029,55
DA:1034,117
DA:1038,117
DA:1039,117
DA:1052,55
DA:1053,237
DA:1054,11955
DA:1055,222
DA:1081,55
DA:1082,222
DA:1086,222
DA:1087,105
DA:1089,222
DA:1090,105
DA:1091,105
DA:1094,222
DA:1095,222
DA:1098,222
DA:1099,222
DA:1101,222
DA:1102,237
DA:1105,222
DA:1106,237
DA:1107,237
DA:1108,222
DA:1109,222
DA:1111,15
DA:1112,15
DA:1113,15
DA:1118,222
DA:1119,222
DA:1139,55
DA:1140,36
DA:1149,36
DA:1151,36
DA:1152,36
DA:1154,36
DA:1155,36
DA:1158,36
DA:1161,36
DA:1164,36
DA:1165,116
DA:1166,36
DA:1167,4
DA:1171,36
DA:1172,80
DA:1175,80
DA:1178,80
DA:1179,80
DA:1180,80
DA:1184,80
DA:1185,80
DA:1186,80
DA:1187,80
DA:1193,36
DA:1194,32
DA:1195,32
DA:1196,80
DA:1197,80
DA:1199,32
DA:1203,36
DA:1204,36
DA:1380,55
DA:1381,93
DA:1389,93
DA:1391,55
DA:1411,55
DA:1413,534
DA:1421,534
DA:1422,103
DA:1424,103
DA:1427,103
DA:1429,431
DA:1433,534
DA:1435,427
DA:1438,427
DA:1439,412
DA:1442,412
DA:1444,412
DA:1448,534
DA:1455,55
DA:1456,78
DA:1457,78
DA:1458,78
DA:1468,55
DA:1469,150
DA:1470,28
DA:1471,28
DA:1484,55
DA:1485,37
DA:1486,37
DA:1487,37
DA:1488,37
DA:1489,37
DA:1490,37
DA:1491,37
DA:1499,55
DA:1501,86
DA:1503,86
DA:1504,84
DA:1529,55
DA:1530,7
DA:1532,7
DA:1534,7
DA:1535,7
DA:1538,7
DA:1539,6
DA:1540,5
DA:1543,7
DA:1544,15
DA:1548,4
DA:1549,4
DA:1550,4
DA:1553,4
DA:1554,4
DA:1558,7
DA:1559,8
DA:1560,4
DA:1561,4
DA:1565,7
DA:1566,8
DA:1604,55
DA:1605,48
DA:1607,48
DA:1609,48
DA:1610,48
DA:1613,48
DA:1614,48
DA:1615,214
DA:1616,214
DA:1617,213
DA:1620,48
DA:1629,55
DA:1713,55
DA:1722,652
DA:1725,652
DA:1727,449
DA:1732,203
DA:1766,652
DA:1767,652
DA:1768,122
DA:1769,122
DA:1770,122
DA:1771,122
DA:1772,121
DA:1773,121
DA:1776,530
DA:1777,530
DA:1778,529
DA:1793,55
DA:1794,1293
DA:1795,1293
DA:1796,718
DA:1797,697
DA:1799,718
DA:1800,1348
DA:1801,1348
DA:1803,1348
DA:1806,575
DA:1807,571
DA:1809,575
DA:1810,387
DA:1811,387
DA:1814,1293
DA:1835,55
DA:1837,650
DA:1839,209
DA:1842,209
DA:1848,203
DA:1849,203
DA:1850,209
DA:1853,203
DA:1854,2
DA:1858,201
DA:1859,201
DA:1863,203
DA:1864,117
DA:1866,86
DA:1872,441
DA:1873,441
DA:1885,55
DA:1888,651
DA:1889,651
DA:1891,651
DA:1892,651
DA:1893,121
DA:1896,121
DA:1897,2
DA:1906,55
DA:1910,55
DA:1911,829
DA:1912,829
DA:1913,222
DA:1914,222
DA:1917,607
DA:1933,55
DA:1934,441
DA:1935,441
DA:1936,253
DA:1937,253
DA:1939,188
DA:1940,78
DA:1945,78
DA:1947,78
DA:1948,187
DA:1949,187
DA:1950,109
DA:1951,109
DA:1952,109
DA:1953,109
DA:1956,78
DA:1957,109
DA:1958,78
DA:1959,78
DA:1964,110
DA:1968,55
DA:1969,686
DA:1970,686
DA:1982,55
DA:1983,343
DA:1985,343
DA:1987,343
DA:1988,563
DA:1989,385
DA:1990,385
DA:1992,178
DA:1996,343
DA:1997,385
DA:1998,385
DA:1999,165
DA:2001,220
DA:2002,157
DA:2003,220
DA:2138,55
DA:2140,442
DA:2144,442
DA:2155,691
DA:2158,442
DA:2163,442
DA:2167,442
DA:2171,442
DA:2177,442
DA:2183,442
DA:2216,442
DA:2217,294
DA:2231,442
DA:2239,442
DA:2240,25
DA:2242,25
DA:2244,25
DA:2245,25
DA:2246,25
DA:2256,442
DA:2257,172
DA:2258,316
DA:2263,442
DA:2283,442
DA:2292,442
DA:2293,28
DA:2294,62
DA:2299,442
DA:2302,442
DA:2305,442
DA:2308,442
DA:2312,442
DA:2313,107
DA:2323,442
DA:2325,442
DA:2326,371
DA:2327,371
DA:2336,442
DA:2337,442
DA:2343,442
DA:2350,442
DA:2351,345
DA:2353,345
DA:2355,345
DA:2356,721
DA:2357,343
DA:2360,378
DA:2361,141
DA:2362,141
DA:2364,378
DA:2365,79
DA:2366,79
DA:2368,378
DA:2372,345
DA:2373,376
DA:2374,376
DA:2375,376
DA:2376,376
DA:2379,345
DA:2380,376
DA:2381,149
DA:2383,227
DA:2385,376
DA:2386,376
DA:2387,7
DA:2389,376
DA:2394,442
DA:2490,55
DA:2492,104
DA:2498,104
DA:2499,370
DA:2500,370
DA:2506,104
DA:2507,155
DA:2509,155
DA:2512,99
DA:2513,99
DA:2514,3
DA:2515,3
DA:2516,3
DA:2519,96
DA:2522,56
DA:2525,155
DA:2527,99
DA:2530,99
DA:2533,99
DA:2534,99
DA:2537,99
DA:2544,104
DA:2545,27
DA:2549,104
DA:2550,204
DA:2551,204
DA:2554,104
DA:2556,161
DA:2558,516
DA:2560,104
DA:2562,104
DA:2680,38
DA:2681,21
DA:2687,21
DA:2691,21
DA:2696,21
DA:2700,21
DA:2706,21
DA:2707,5
DA:2712,21
DA:2718,5
DA:2719,1
DA:2721,4
DA:2724,5
DA:2725,5
DA:2728,5
DA:2729,5
DA:2730,3
DA:2734,21
DA:2735,18
DA:2738,18
DA:2743,18
DA:2745,18
DA:2746,18
DA:2749,18
DA:2751,18
DA:2752,18
DA:2755,18
DA:2756,18
DA:2759,18
DA:2760,18
DA:2769,38
DA:2771,27
DA:2777,27
DA:2780,27
DA:2782,27
DA:2783,27
DA:2786,27
DA:2791,27
DA:2792,11
DA:2793,11
DA:2795,16
DA:2796,16
DA:2799,27
DA:2802,27
DA:2803,27
DA:2807,38
DA:3282,55
DA:3283,76
DA:3291,76
DA:3293,76
DA:3294,2
DA:3306,76
DA:3307,70
DA:3308,25
DA:3309,45
DA:3310,35
DA:3372,76
DA:3373,23
DA:3377,23
DA:3380,22
DA:3381,22
DA:3382,1
DA:3386,21
DA:3387,21
DA:3388,21
DA:3405,22
DA:3407,27
DA:3422,27
DA:3423,24
DA:3430,27
DA:3431,43
DA:3432,43
DA:3433,43
DA:3434,43
DA:3435,43
DA:3439,43
DA:3440,43
DA:3441,43
DA:3442,9
DA:3443,43
DA:3456,27
DA:3457,27
DA:3458,17
DA:3459,6
DA:3461,10
DA:3465,27
DA:3466,11
DA:3467,11
DA:3469,11
DA:3470,11
DA:3471,11
DA:3476,11
DA:3477,11
DA:3478,11
DA:3479,2
DA:3480,2
DA:3482,9
DA:3486,11
DA:3487,11
DA:3488,11
DA:3490,11
DA:3495,27
DA:3496,17
DA:3498,17
DA:3499,11
DA:3500,10
DA:3502,6
DA:3505,17
DA:3506,11
DA:3507,11
DA:3509,11
DA:3513,27
DA:3514,27
DA:3515,6
DA:3517,21
DA:3526,76
DA:3527,21
DA:3530,21
DA:3531,43
DA:3535,21
DA:3536,32
DA:3537,32
DA:3538,25
DA:3539,9
DA:3540,9
DA:3543,32
DA:3547,21
DA:3548,7
DA:3549,7
DA:3550,7
DA:3559,21
DA:3560,27
DA:3561,27
DA:3562,27
DA:3565,27
DA:3567,7
DA:3569,7
DA:3573,20
DA:3576,0
DA:3584,21
DA:3585,43
DA:3591,21
DA:3592,21
DA:3593,21
DA:3594,18
DA:3595,5
DA:3596,5
DA:3598,13
DA:3599,4
DA:3606,21
DA:3607,30
DA:3610,30
DA:3611,13
DA:3612,13
DA:3616,13
DA:3617,13
DA:3622,21
DA:3623,1
DA:3624,1
DA:3630,21
DA:3633,76
DA:3634,21
DA:3635,21
DA:3636,41
DA:3637,41
DA:3639,21
DA:3642,20
DA:3643,20
DA:3646,21
DA:3660,76
DA:3662,7
DA:3664,2
DA:3665,1
DA:3667,1
DA:3670,5
DA:3687,76
DA:3689,7
DA:3699,7
DA:3703,7
DA:3706,7
DA:3707,7
DA:3711,7
DA:3712,7
DA:3713,7
DA:3718,7
DA:3721,7
DA:3723,7
DA:3725,7
DA:3728,7
DA:3731,7
DA:3732,7
DA:3733,7
DA:3735,7
DA:3738,7
DA:3740,7
DA:3743,7
DA:3744,19
DA:3745,7
DA:3749,7
DA:3751,12
DA:3754,12
DA:3755,12
DA:3758,12
DA:3762,12
DA:3763,12
DA:3764,12
DA:3766,12
DA:3769,7
DA:3771,31
DA:3773,31
DA:3775,31
DA:3776,31
DA:3778,31
DA:3779,31
DA:3780,31
DA:3781,31
DA:3782,12
DA:3788,7
DA:3790,12
DA:3793,12
DA:3796,12
DA:3797,12
DA:3800,7
DA:3801,12
DA:3805,7
DA:3807,7
DA:3810,7
DA:3811,7
DA:3815,7
DA:3816,7
DA:3820,7
DA:3821,7
DA:3825,7
DA:3826,19
DA:3829,7
DA:3830,17
DA:3832,11
DA:3835,6
DA:3857,7
DA:3858,6
DA:3859,6
DA:3861,6
DA:3864,7
DA:3868,12
DA:3874,6
DA:3879,76
DA:3881,1
DA:3891,1
DA:3895,1
DA:3898,1
DA:3899,1
DA:3903,1
DA:3904,1
DA:3905,1
DA:3913,1
DA:3914,1
DA:3918,1
DA:3919,1
DA:3920,1
DA:3923,1
DA:3925,1
DA:3928,1
DA:3930,1
DA:3933,1
DA:3938,1
DA:3939,1
DA:3942,1
DA:3945,2
DA:3948,1
DA:3951,1
DA:3952,1
DA:3956,1
DA:3958,1
DA:3961,1
DA:3964,1
DA:3967,2
DA:3970,1
DA:3973,1
DA:3974,2
DA:3975,1
DA:3980,1
DA:3981,1
DA:3985,1
DA:3986,2
DA:3989,1
DA:3992,1
DA:3993,2
DA:3994,1
DA:4003,1
DA:4007,2
DA:4012,1
DA:4027,76
DA:4028,1
DA:4031,1
DA:4033,1
DA:4034,1
DA:4037,1
DA:4038,1
DA:4039,1
DA:4041,1
DA:4044,1
DA:4046,2
DA:4049,2
DA:4054,2
DA:4055,2
DA:4058,2
DA:4061,4
DA:4064,2
DA:4067,2
DA:4068,1
DA:4071,1
DA:4073,1
DA:4076,2
DA:4079,2
DA:4082,1
DA:4085,1
DA:4086,2
DA:4087,1
DA:4092,1
DA:4093,1
DA:4097,1
DA:4098,2
DA:4101,1
DA:4104,1
DA:4105,2
DA:4106,1
DA:4111,1
DA:4112,2
DA:4114,1
DA:4116,1
DA:4117,1
DA:4121,76
DA:4122,4
DA:4124,4
DA:4127,4
DA:4128,4
DA:4130,4
DA:4132,4
DA:4133,4
DA:4135,4
DA:4136,4
DA:4139,4
DA:4140,4
DA:4145,76
DA:4146,1
DA:4148,1
DA:4149,1
DA:4151,1
DA:4152,1
DA:4163,1
DA:4164,1
DA:4166,1
DA:4167,1
DA:4169,1
DA:4173,1
DA:4174,1
DA:4177,1
DA:4178,2
DA:4179,1
DA:4195,76
DA:4197,16
DA:4207,16
DA:4208,16
DA:4212,16
DA:4213,16
DA:4218,16
DA:4225,16
DA:4230,16
DA:4231,16
DA:4238,16
DA:4239,5
DA:4240,1
DA:4241,1
DA:4242,4
DA:4243,0
DA:4244,0
DA:4245,0
DA:4246,4
DA:4247,0
DA:4252,16
DA:4265,16
DA:4266,16
DA:4267,16
DA:4268,16
DA:4269,3
DA:4270,3
DA:4272,16
DA:4279,16
DA:4283,16
DA:4284,1
DA:4285,1
DA:4298,15
DA:4299,15
DA:4300,4
DA:4304,16
DA:4305,5
DA:4308,16
DA:4315,16
DA:4316,16
DA:4317,16
DA:4322,16
DA:4323,16
DA:4324,16
DA:4327,16
DA:4328,16
DA:4331,16
DA:4332,16
DA:4333,0
DA:4336,16
DA:4338,16
DA:4339,16
DA:4342,16
DA:4343,16
DA:4346,16
DA:4347,16
DA:4349,16
DA:4350,16
DA:4352,16
DA:4353,16
DA:4356,16
DA:4357,17
DA:4358,1
DA:4360,16
DA:4364,16
DA:4371,16
DA:4373,16
DA:4378,16
DA:4379,17
DA:4380,1
DA:4382,16
DA:4387,16
DA:4388,16
DA:4391,16
DA:4392,16
DA:4395,16
DA:4396,16
DA:4400,16
DA:4402,57
DA:4403,16
DA:4407,16
DA:4408,11
DA:4409,1
DA:4411,10
DA:4414,5
DA:4428,76
DA:4433,13
DA:4441,13
DA:4442,13
DA:4444,13
DA:4445,13
DA:4448,13
DA:4450,13
DA:4453,0
DA:4454,0
DA:4456,0
DA:4457,0
DA:4459,0
DA:4461,13
DA:4464,13
DA:4466,13
DA:4467,13
DA:4468,10
DA:4471,13
DA:4474,13
DA:4476,13
DA:4478,13
DA:4479,2
DA:4482,13
DA:4488,13
DA:4490,17
DA:4491,17
DA:4496,13
DA:4498,17
DA:4502,17
DA:4503,17
DA:4505,17
DA:4506,11
DA:4511,13
DA:4514,13
DA:4518,13
DA:4524,13
DA:4525,13
DA:4530,13
DA:4538,76
DA:4539,5
DA:4547,5
DA:4549,5
DA:4550,5
DA:4552,5
DA:4553,5
DA:4554,5
DA:4562,5
DA:4563,5
DA:4564,5
DA:4571,5
DA:4572,5
DA:4573,5
DA:4574,5
DA:4576,0
DA:4584,5
DA:4585,5
DA:4586,3
DA:4587,3
DA:4589,2
DA:4599,5
DA:4600,5
DA:4601,5
DA:4602,3
DA:4603,2
DA:4604,0
DA:4606,5
DA:4607,3
DA:4609,2
DA:4610,2
DA:4614,5
DA:4615,3
DA:4616,3
DA:4619,5
DA:4620,13
DA:4628,76
DA:4631,3
DA:4632,3
DA:4635,3
DA:4639,3
DA:4640,3
DA:4641,3
DA:4645,3
DA:4650,3
DA:4651,3
DA:4656,3
DA:4666,76
DA:4667,1
DA:4670,1
DA:4671,1
DA:4672,1
DA:4675,1
DA:4676,1
DA:4677,1
DA:4682,1
DA:4683,1
DA:4684,1
DA:4685,1
DA:4686,1
DA:4687,3
DA:4688,1
DA:4690,1
DA:4694,1
DA:4695,1
DA:4699,1
DA:4700,1
DA:4704,1
DA:4705,1
DA:4709,1
DA:4710,2
DA:4711,1
DA:4715,76
DA:4728,55
DA:4729,106
DA:4732,106
DA:4736,106
DA:4738,106
DA:4740,106
DA:4741,104
DA:4742,104
DA:4745,106
DA:4746,104
DA:4750,55
DA:4751,68
DA:4752,68
DA:4755,55
DA:4756,38
DA:4757,38
DA:4760,55
DA:4764,55
DA:4767,7
DA:4768,7
DA:4769,7
DA:4770,26
DA:4772,26
DA:4774,25
DA:4776,25
DA:4777,25
DA:4779,1
DA:4784,55
DA:4789,47
LF:1102
LH:1089
BRDA:199,1,0,171
BRDA:199,1,1,264
BRDA:199,2,0,66
BRDA:199,2,1,198
BRDA:208,3,0,3074
BRDA:208,3,1,8329
BRDA:210,4,0,1326
BRDA:210,4,1,7003
BRDA:285,5,0,55
BRDA:285,5,1,55
BRDA:286,6,0,55
BRDA:286,6,1,55
BRDA:287,7,0,55
BRDA:287,7,1,52
BRDA:288,8,0,4
BRDA:288,8,1,14527
BRDA:296,9,0,55
BRDA:296,9,1,54
BRDA:300,10,0,55
BRDA:300,10,1,54
BRDA:303,11,0,1
BRDA:303,11,1,54
BRDA:320,12,0,9
BRDA:320,12,1,5212
BRDA:324,13,0,50
BRDA:324,13,1,5162
BRDA:324,14,0,5212
BRDA:324,14,1,50
BRDA:367,15,0,484
BRDA:367,15,1,481
BRDA:391,16,0,902
BRDA:391,16,1,669
BRDA:412,17,0,2
BRDA:412,17,1,70
BRDA:412,18,0,72
BRDA:412,18,1,24
BRDA:622,19,0,133
BRDA:622,19,1,4
BRDA:657,20,0,277
BRDA:657,20,1,146
BRDA:676,21,0,151
BRDA:676,21,1,420
BRDA:713,22,0,152
BRDA:713,22,1,45
BRDA:745,23,0,197
BRDA:745,23,1,5
BRDA:939,24,0,117
BRDA:939,24,1,116
BRDA:963,25,0,117
BRDA:963,25,1,117
BRDA:966,26,0,116
BRDA:966,26,1,1
BRDA:980,27,0,177
BRDA:980,27,1,10271
BRDA:980,28,0,10448
BRDA:980,28,1,10286
BRDA:980,28,2,10221
BRDA:984,29,0,117
BRDA:984,29,1,60
BRDA:994,30,0,55
BRDA:994,30,1,5
BRDA:1016,31,0,55
BRDA:1016,31,1,5
BRDA:1018,32,0,3
BRDA:1018,32,1,2
BRDA:1018,33,0,5
BRDA:1018,33,1,3
BRDA:1028,34,0,55
BRDA:1028,34,1,236
BRDA:1054,35,0,222
BRDA:1054,35,1,11733
BRDA:1082,36,0,222
BRDA:1082,36,1,219
BRDA:1086,37,0,117
BRDA:1086,37,1,105
BRDA:1107,38,0,222
BRDA:1107,38,1,15
BRDA:1165,39,0,80
BRDA:1165,39,1,36
BRDA:1166,40,0,32
BRDA:1166,40,1,4
BRDA:1389,41,0,93
BRDA:1389,41,1,3
BRDA:1413,42,0,534
BRDA:1413,42,1,401
BRDA:1421,43,0,103
BRDA:1421,43,1,431
BRDA:1424,44,0,54
BRDA:1424,44,1,49
BRDA:1433,45,0,427
BRDA:1433,45,1,107
BRDA:1435,46,0,217
BRDA:1435,46,1,210
BRDA:1438,47,0,412
BRDA:1438,47,1,15
BRDA:1439,48,0,257
BRDA:1439,48,1,155
BRDA:1469,49,0,28
BRDA:1469,49,1,122
BRDA:1559,50,0,4
BRDA:1559,50,1,4
BRDA:1566,51,0,4
BRDA:1566,51,1,4
BRDA:1616,52,0,213
BRDA:1616,52,1,1
BRDA:1725,53,0,449
BRDA:1725,53,1,203
BRDA:1732,54,0,117
BRDA:1732,54,1,86
BRDA:1767,55,0,122
BRDA:1767,55,1,530
BRDA:1771,56,0,121
BRDA:1771,56,1,1
BRDA:1777,57,0,529
BRDA:1777,57,1,1
BRDA:1795,58,0,718
BRDA:1795,58,1,575
BRDA:1796,59,0,697
BRDA:1796,59,1,21
BRDA:1806,60,0,571
BRDA:1806,60,1,4
BRDA:1837,61,0,209
BRDA:1837,61,1,441
BRDA:1842,62,0,203
BRDA:1842,62,1,6
BRDA:1853,63,0,2
BRDA:1853,63,1,201
BRDA:1863,64,0,117
BRDA:1863,64,1,86
BRDA:1892,65,0,121
BRDA:1892,65,1,530
BRDA:1892,66,0,651
BRDA:1892,66,1,642
BRDA:1912,67,0,222
BRDA:1912,67,1,607
BRDA:1935,68,0,253
BRDA:1935,68,1,188
BRDA:1939,69,0,78
BRDA:1939,69,1,110
BRDA:1949,70,0,109
BRDA:1949,70,1,78
BRDA:1983,71,0,343
BRDA:1983,71,1,139
BRDA:1988,72,0,385
BRDA:1988,72,1,178
BRDA:1998,73,0,165
BRDA:1998,73,1,220
BRDA:2001,74,0,63
BRDA:2001,74,1,157
BRDA:2140,75,0,442
BRDA:2140,75,1,148
BRDA:2144,76,0,442
BRDA:2144,76,1,287
BRDA:2145,77,0,148
BRDA:2145,77,1,294
BRDA:2146,78,0,148
BRDA:2146,78,1,294
BRDA:2147,79,0,442
BRDA:2147,79,1,148
BRDA:2148,80,0,442
BRDA:2148,80,1,148
BRDA:2258,81,0,112
BRDA:2258,81,1,204
BRDA:2263,82,0,37
BRDA:2263,82,1,29
BRDA:2283,83,0,23
BRDA:2283,83,1,11
BRDA:2294,84,0,62
BRDA:2294,84,1,34
BRDA:2294,84,2,33
BRDA:2326,85,0,170
BRDA:2326,85,1,201
BRDA:2356,86,0,343
BRDA:2356,86,1,378
BRDA:2360,87,0,141
BRDA:2360,87,1,237
BRDA:2364,88,0,79
BRDA:2364,88,1,299
BRDA:2380,89,0,149
BRDA:2380,89,1,227
BRDA:2380,90,0,376
BRDA:2380,90,1,227
BRDA:2386,91,0,7
BRDA:2386,91,1,369
BRDA:2386,92,0,376
BRDA:2386,92,1,8
BRDA:2494,93,0,20
BRDA:2494,93,1,84
BRDA:2509,94,0,99
BRDA:2509,94,1,56
BRDA:2513,95,0,3
BRDA:2513,95,1,96
BRDA:2551,96,0,2
BRDA:2551,96,1,202
BRDA:2562,97,0,66
BRDA:2562,97,1,38
BRDA:2687,98,0,21
BRDA:2687,98,1,1
BRDA:2696,99,0,21
BRDA:2696,99,1,12
BRDA:2696,99,2,12
BRDA:2700,100,0,21
BRDA:2700,100,1,7
BRDA:2706,101,0,16
BRDA:2706,101,1,5
BRDA:2718,102,0,1
BRDA:2718,102,1,4
BRDA:2729,103,0,2
BRDA:2729,103,1,3
BRDA:2771,104,0,27
BRDA:2771,104,1,20
BRDA:2791,105,0,11
BRDA:2791,105,1,16
BRDA:2793,106,0,11
BRDA:2793,106,1,11
BRDA:3307,107,0,25
BRDA:3307,107,1,45
BRDA:3309,108,0,35
BRDA:3309,108,1,10
BRDA:3377,109,0,1
BRDA:3377,109,1,22
BRDA:3381,110,0,1
BRDA:3381,110,1,21
BRDA:3422,111,0,3
BRDA:3422,111,1,24
BRDA:3441,112,0,9
BRDA:3441,112,1,34
BRDA:3457,113,0,17
BRDA:3457,113,1,10
BRDA:3458,114,0,11
BRDA:3458,114,1,6
BRDA:3458,115,0,17
BRDA:3458,115,1,12
BRDA:3478,116,0,2
BRDA:3478,116,1,9
BRDA:3498,117,0,11
BRDA:3498,117,1,6
BRDA:3498,118,0,17
BRDA:3498,118,1,15
BRDA:3499,119,0,1
BRDA:3499,119,1,10
BRDA:3514,120,0,6
BRDA:3514,120,1,21
BRDA:3537,121,0,25
BRDA:3537,121,1,7
BRDA:3538,122,0,9
BRDA:3538,122,1,16
BRDA:3565,123,0,7
BRDA:3565,123,1,20
BRDA:3565,124,0,27
BRDA:3565,124,1,8
BRDA:3573,125,0,0
BRDA:3573,125,1,20
BRDA:3574,126,0,20
BRDA:3574,126,1,17
BRDA:3575,127,0,17
BRDA:3575,127,1,12
BRDA:3575,127,2,17
BRDA:3575,127,3,13
BRDA:3585,128,0,22
BRDA:3585,128,1,21
BRDA:3593,129,0,39
BRDA:3593,129,1,30
BRDA:3594,130,0,5
BRDA:3594,130,1,13
BRDA:3598,131,0,4
BRDA:3598,131,1,9
BRDA:3610,132,0,13
BRDA:3610,132,1,17
BRDA:3637,133,0,21
BRDA:3637,133,1,20
BRDA:3662,134,0,2
BRDA:3662,134,1,5
BRDA:3664,135,0,1
BRDA:3664,135,1,1
BRDA:3723,136,0,0
BRDA:3723,136,1,7
BRDA:3744,137,0,12
BRDA:3744,137,1,7
BRDA:3762,138,0,5
BRDA:3762,138,1,7
BRDA:3781,139,0,19
BRDA:3781,139,1,12
BRDA:3830,140,0,6
BRDA:3830,140,1,11
BRDA:3938,141,0,0
BRDA:3938,141,1,1
BRDA:3951,142,0,0
BRDA:3951,142,1,1
BRDA:3974,143,0,1
BRDA:3974,143,1,1
BRDA:3993,144,0,1
BRDA:3993,144,1,1
BRDA:4054,145,0,0
BRDA:4054,145,1,2
BRDA:4067,146,0,1
BRDA:4067,146,1,1
BRDA:4086,147,0,1
BRDA:4086,147,1,1
BRDA:4105,148,0,1
BRDA:4105,148,1,1
BRDA:4116,149,0,0
BRDA:4116,149,1,1
BRDA:4239,150,0,1
BRDA:4239,150,1,4
BRDA:4240,151,0,1
BRDA:4240,151,1,0
BRDA:4242,152,0,0
BRDA:4242,152,1,4
BRDA:4243,153,0,0
BRDA:4243,153,1,0
BRDA:4246,154,0,0
BRDA:4246,154,1,4
BRDA:4268,155,0,3
BRDA:4268,155,1,13
BRDA:4283,156,0,1
BRDA:4283,156,1,15
BRDA:4299,157,0,4
BRDA:4299,157,1,11
BRDA:4304,158,0,5
BRDA:4304,158,1,11
BRDA:4332,159,0,16
BRDA:4332,159,1,0
BRDA:4357,160,0,1
BRDA:4357,160,1,16
BRDA:4379,161,0,1
BRDA:4379,161,1,16
BRDA:4407,162,0,11
BRDA:4407,162,1,5
BRDA:4408,163,0,1
BRDA:4408,163,1,10
BRDA:4408,164,0,11
BRDA:4408,164,1,7
BRDA:4450,165,0,0
BRDA:4450,165,1,13
BRDA:4453,166,0,0
BRDA:4453,166,1,0
BRDA:4456,167,0,0
BRDA:4456,167,1,0
BRDA:4467,168,0,3
BRDA:4467,168,1,10
BRDA:4478,169,0,11
BRDA:4478,169,1,2
BRDA:4505,170,0,6
BRDA:4505,170,1,11
BRDA:4572,171,0,5
BRDA:4572,171,1,0
BRDA:4585,172,0,3
BRDA:4585,172,1,2
BRDA:4601,173,0,3
BRDA:4601,173,1,2
BRDA:4601,174,0,5
BRDA:4601,174,1,5
BRDA:4603,175,0,0
BRDA:4603,175,1,2
BRDA:4603,176,0,2
BRDA:4603,176,1,0
BRDA:4606,177,0,3
BRDA:4606,177,1,2
BRDA:4736,178,0,106
BRDA:4736,178,1,0
BRDA:4741,179,0,38
BRDA:4741,179,1,66
BRDA:4769,180,0,33
BRDA:4769,180,1,27
BRDA:4772,181,0,25
BRDA:4772,181,1,1
BRDA:4772,182,0,26
BRDA:4772,182,1,25
BRF:369
BRH:348
end_of_record
