TN:
SF:index.js
FN:150,extend
FN:190,compare
FN:193,extract
FN:205,classify
FN:285,Strata
FN:290,(anonymous_6)
FN:302,(anonymous_7)
FN:307,(anonymous_8)
FN:311,(anonymous_9)
FN:314,validator
FN:315,(anonymous_11)
FN:318,validate
FN:321,(anonymous_13)
FN:338,_size
FN:340,_nextAddress
FN:344,report
FN:366,readLine
FN:390,filename
FN:401,replace
FN:408,stat
FN:413,unlinked
FN:420,rename
FN:425,unlink
FN:458,link
FN:468,_unlink
FN:511,heft
FN:613,createLeaf
FN:631,encache
FN:654,cacheRecord
FN:676,uncacheRecord
FN:701,writeJSON
FN:719,stat
FN:725,positioned
FN:740,send
FN:744,sent
FN:828,writeInsert
FN:862,writeDelete
FN:917,writePositions
FN:929,readLeaf
FN:957,opened
FN:961,stat
FN:971,input
FN:981,load
FN:990,iterate
FN:1020,replay
FN:1028,(anonymous_46)
FN:1042,(anonymous_47)
FN:1053,closed
FN:1067,readJSON
FN:1096,readRecord
FN:1104,stat
FN:1109,positioned
FN:1113,input
FN:1116,read
FN:1120,json
FN:1133,closed
FN:1154,rewriteLeaf
FN:1166,opened
FN:1179,iterate
FN:1186,rewrite
FN:1193,stashed
FN:1199,written
FN:1208,append
FN:1218,close
FN:1395,createBranch
FN:1426,splice
FN:1470,cacheKey
FN:1483,uncacheKey
FN:1499,writeBranch
FN:1514,readBranch
FN:1516,(anonymous_71)
FN:1544,create
FN:1549,stat
FN:1553,extant
FN:1558,empty
FN:1559,(anonymous_76)
FN:1573,written
FN:1580,replaced
FN:1619,open
FN:1624,stat
FN:1628,list
FN:1629,(anonymous_82)
FN:1644,close
FN:1728,lock
FN:1810,checkJSONSize
FN:1852,load
FN:1865,loaded
FN:1866,(anonymous_88)
FN:1867,(anonymous_89)
FN:1902,unlock
FN:1914,(anonymous_91)
FN:1915,(anonymous_92)
FN:1932,stash
FN:1935,(anonymous_94)
FN:1955,designate
FN:1958,(anonymous_96)
FN:1969,next
FN:1972,(anonymous_98)
FN:1978,(anonymous_99)
FN:1979,(anonymous_100)
FN:1990,unwind
FN:2004,find
FN:2009,test
FN:2018,compare
FN:2160,Descent
FN:2177,_page
FN:2180,_index
FN:2185,index_
FN:2189,_indexes
FN:2193,_depth
FN:2199,_lesser
FN:2205,_greater
FN:2238,fork
FN:2253,exclude
FN:2261,upgrade
FN:2266,locked
FN:2278,key
FN:2279,(anonymous_118)
FN:2285,left
FN:2305,right
FN:2314,found
FN:2315,(anonymous_122)
FN:2321,child
FN:2321,(anonymous_124)
FN:2324,address
FN:2324,(anonymous_126)
FN:2327,penultimate
FN:2330,leaf
FN:2334,level
FN:2335,(anonymous_130)
FN:2347,unlocker
FN:2359,uncaching_
FN:2365,unlocker_
FN:2372,descend
FN:2377,downward
FN:2394,locked
FN:2401,directed
FN:2512,Cursor
FN:2520,get
FN:2522,unstashed
FN:2528,next
FN:2541,locked
FN:2560,indexOf
FN:2565,unlock
FN:2569,_index
FN:2571,_offset
FN:2573,_length
FN:2724,insert
FN:2760,ambiguity
FN:2785,load
FN:2788,designated
FN:2795,compare
FN:2801,insert
FN:2812,write
FN:2816,written
FN:2826,close
FN:2836,remove
FN:2849,opened
FN:2853,written
FN:2869,closed
FN:3349,Balancer
FN:3360,balancerReport
FN:3373,unbalanced
FN:3439,balance
FN:3472,gather
FN:3497,nodify
FN:3498,(anonymous_167)
FN:3501,identified
FN:3510,(anonymous_169)
FN:3523,checkMerge
FN:3532,leftSibling
FN:3536,goToLeaf
FN:3543,checkLists
FN:3553,attach
FN:3562,rightSibling
FN:3572,attach
FN:3580,next
FN:3584,(anonymous_178)
FN:3593,plan
FN:3602,terminate
FN:3614,unlink
FN:3695,operate
FN:3697,shift
FN:3722,shouldSplitBranch
FN:3749,splitLeaf
FN:3763,exorcised
FN:3768,penultimate
FN:3778,upgrade
FN:3783,fork
FN:3790,dirty
FN:3804,partition
FN:3819,paginate
FN:3825,shuffle
FN:3845,copy
FN:3851,uncache
FN:3864,copied
FN:3876,replaced
FN:3881,paginated
FN:3891,transact
FN:3896,commit
FN:3901,persist
FN:3902,(anonymous_202)
FN:3905,complete
FN:3908,(anonymous_204)
FN:3933,rebalance
FN:3940,cleanup
FN:3944,(anonymous_207)
FN:3955,splitBranch
FN:3974,upgrade
FN:3979,fork
FN:3989,partition
FN:4004,paginate
FN:4021,(anonymous_213)
FN:4032,paginated
FN:4037,(anonymous_215)
FN:4043,(anonymous_216)
FN:4049,childWritten
FN:4056,rootWritten
FN:4061,committing
FN:4062,(anonymous_220)
FN:4068,childCommitted
FN:4079,cleanup
FN:4083,(anonymous_223)
FN:4103,drainRoot
FN:4109,partition
FN:4120,paginate
FN:4137,(anonymous_227)
FN:4147,paginated
FN:4152,(anonymous_229)
FN:4155,(anonymous_230)
FN:4161,childWritten
FN:4168,rootWritten
FN:4173,committing
FN:4174,(anonymous_234)
FN:4180,childCommitted
FN:4187,rootCommitted
FN:4188,(anonymous_237)
FN:4229,exorcise
FN:4242,opened
FN:4245,written
FN:4249,closed
FN:4259,deleteGhost
FN:4266,upgrade
FN:4278,descendLeaf
FN:4288,shift
FN:4293,release
FN:4295,(anonymous_247)
FN:4312,mergePages
FN:4329,upgrade
FN:4335,parentOfPageToMerge
FN:4355,(anonymous_251)
FN:4382,parentOfLeftSibling
FN:4396,gatherLockedPages
FN:4432,descendToLeftPageToMerge
FN:4439,descendToRightPageToMerge
FN:4444,merge
FN:4448,merged
FN:4453,uncachePivot
FN:4459,renameRightPageToMerge
FN:4463,rewriteKeyedBranchPage
FN:4473,rewriteEmpties
FN:4481,beginCommit
FN:4495,unlinkEmpties
FN:4504,replaceLeftPageToMerge
FN:4508,unlinkRightPageToMerge
FN:4512,endCommit
FN:4516,release
FN:4517,(anonymous_268)
FN:4519,(anonymous_269)
FN:4526,propagate
FN:4550,mergeLeaves
FN:4555,stopper
FN:4563,merger
FN:4588,deleteGhost
FN:4593,merge
FN:4610,fetch
FN:4618,copy
FN:4633,rewriteLeftLeaf
FN:4646,resume
FN:4660,chooseBranchesToMerge
FN:4671,getKey
FN:4674,unlockPage
FN:4684,findPage
FN:4693,findLeftPage
FN:4706,findRightPage
FN:4722,choose
FN:4736,propagate
FN:4741,release
FN:4742,(anonymous_289)
FN:4750,mergeBranches
FN:4753,stopper
FN:4757,merger
FN:4762,(anonymous_293)
FN:4772,resume
FN:4788,fillRoot
FN:4797,getChild
FN:4804,fill
FN:4807,(anonymous_298)
FN:4809,(anonymous_299)
FN:4816,rewriteChild
FN:4821,beginCommit
FN:4826,unlinkChild
FN:4831,endCommit
FN:4832,(anonymous_304)
FN:4850,cursor
FN:4862,penultimate
FN:4867,leaf
FN:4872,iterator
FN:4877,mutator
FN:4882,balance
FN:4886,vivify
FN:4891,record
FN:4895,begin
FN:4896,(anonymous_314)
FN:4902,expand
FN:4910,branch
FN:4915,designated
FN:4920,keyed
FN:4924,expanded
FN:4930,leaf
FN:4936,get
FN:4944,push
FN:4955,purge
FNF:323
FNH:323
FNDA:926,extend
FNDA:510,compare
FNDA:499,extract
FNDA:1239,classify
FNDA:74,Strata
FNDA:24204,(anonymous_6)
FNDA:104,(anonymous_7)
FNDA:2,(anonymous_8)
FNDA:1379,(anonymous_9)
FNDA:3037,validator
FNDA:7215,(anonymous_11)
FNDA:8567,validate
FNDA:8568,(anonymous_13)
FNDA:12,_size
FNDA:1,_nextAddress
FNDA:2,report
FNDA:850,readLine
FNDA:1590,filename
FNDA:164,replace
FNDA:164,stat
FNDA:164,unlinked
FNDA:81,rename
FNDA:34,unlink
FNDA:1135,link
FNDA:770,_unlink
FNDA:2675,heft
FNDA:228,createLeaf
FNDA:390,encache
FNDA:891,cacheRecord
FNDA:1292,uncacheRecord
FNDA:450,writeJSON
FNDA:94,stat
FNDA:450,positioned
FNDA:455,send
FNDA:455,sent
FNDA:238,writeInsert
FNDA:45,writeDelete
FNDA:167,writePositions
FNDA:176,readLeaf
FNDA:176,opened
FNDA:176,stat
FNDA:183,input
FNDA:366,load
FNDA:183,iterate
FNDA:176,replay
FNDA:191,(anonymous_46)
FNDA:543,(anonymous_47)
FNDA:176,closed
FNDA:351,readJSON
FNDA:336,readRecord
FNDA:161,stat
FNDA:336,positioned
FNDA:336,input
FNDA:351,read
FNDA:351,json
FNDA:336,closed
FNDA:83,rewriteLeaf
FNDA:83,opened
FNDA:292,iterate
FNDA:209,rewrite
FNDA:209,stashed
FNDA:209,written
FNDA:77,append
FNDA:83,close
FNDA:173,createBranch
FNDA:1232,splice
FNDA:114,cacheKey
FNDA:305,uncacheKey
FNDA:82,writeBranch
FNDA:147,readBranch
FNDA:147,(anonymous_71)
FNDA:8,create
FNDA:8,stat
FNDA:7,extant
FNDA:6,empty
FNDA:17,(anonymous_76)
FNDA:10,written
FNDA:10,replaced
FNDA:66,open
FNDA:66,stat
FNDA:66,list
FNDA:493,(anonymous_82)
FNDA:66,close
FNDA:1068,lock
FNDA:2123,checkJSONSize
FNDA:1065,load
FNDA:323,loaded
FNDA:329,(anonymous_88)
FNDA:329,(anonymous_89)
FNDA:1066,unlock
FNDA:3,(anonymous_91)
FNDA:3,(anonymous_92)
FNDA:1245,stash
FNDA:336,(anonymous_94)
FNDA:523,designate
FNDA:278,(anonymous_96)
FNDA:304,next
FNDA:190,(anonymous_98)
FNDA:114,(anonymous_99)
FNDA:190,(anonymous_100)
FNDA:898,unwind
FNDA:360,find
FNDA:609,test
FNDA:424,compare
FNDA:743,Descent
FNDA:1256,_page
FNDA:544,_index
FNDA:429,index_
FNDA:28,_indexes
FNDA:112,_depth
FNDA:12,_lesser
FNDA:12,_greater
FNDA:521,fork
FNDA:65,exclude
FNDA:47,upgrade
FNDA:47,locked
FNDA:199,key
FNDA:326,(anonymous_118)
FNDA:234,left
FNDA:62,right
FNDA:52,found
FNDA:117,(anonymous_122)
FNDA:9,child
FNDA:14,(anonymous_124)
FNDA:12,address
FNDA:42,(anonymous_126)
FNDA:401,penultimate
FNDA:357,leaf
FNDA:118,level
FNDA:231,(anonymous_130)
FNDA:605,unlocker
FNDA:38,uncaching_
FNDA:30,unlocker_
FNDA:540,descend
FNDA:1162,downward
FNDA:622,locked
FNDA:622,directed
FNDA:140,Cursor
FNDA:462,get
FNDA:462,unstashed
FNDA:180,next
FNDA:113,locked
FNDA:34,indexOf
FNDA:253,unlock
FNDA:54,_index
FNDA:186,_offset
FNDA:632,_length
FNDA:33,insert
FNDA:5,ambiguity
FNDA:4,load
FNDA:4,designated
FNDA:5,compare
FNDA:29,insert
FNDA:29,write
FNDA:29,written
FNDA:29,close
FNDA:45,remove
FNDA:45,opened
FNDA:45,written
FNDA:45,closed
FNDA:110,Balancer
FNDA:2,balancerReport
FNDA:118,unbalanced
FNDA:38,balance
FNDA:45,gather
FNDA:74,nodify
FNDA:74,(anonymous_167)
FNDA:74,identified
FNDA:74,(anonymous_169)
FNDA:45,checkMerge
FNDA:18,leftSibling
FNDA:18,goToLeaf
FNDA:18,checkLists
FNDA:18,attach
FNDA:29,rightSibling
FNDA:20,attach
FNDA:45,next
FNDA:36,(anonymous_178)
FNDA:36,plan
FNDA:50,terminate
FNDA:11,unlink
FNDA:36,operate
FNDA:72,shift
FNDA:12,shouldSplitBranch
FNDA:11,splitLeaf
FNDA:1,exorcised
FNDA:11,penultimate
FNDA:11,upgrade
FNDA:11,fork
FNDA:11,dirty
FNDA:10,partition
FNDA:57,paginate
FNDA:47,shuffle
FNDA:135,copy
FNDA:135,uncache
FNDA:47,copied
FNDA:47,replaced
FNDA:10,paginated
FNDA:10,transact
FNDA:10,commit
FNDA:10,persist
FNDA:57,(anonymous_202)
FNDA:55,complete
FNDA:46,(anonymous_204)
FNDA:9,rebalance
FNDA:10,cleanup
FNDA:20,(anonymous_207)
FNDA:2,splitBranch
FNDA:2,upgrade
FNDA:2,fork
FNDA:2,partition
FNDA:10,paginate
FNDA:28,(anonymous_213)
FNDA:2,paginated
FNDA:10,(anonymous_215)
FNDA:12,(anonymous_216)
FNDA:12,childWritten
FNDA:2,rootWritten
FNDA:2,committing
FNDA:12,(anonymous_220)
FNDA:12,childCommitted
FNDA:2,cleanup
FNDA:4,(anonymous_223)
FNDA:4,drainRoot
FNDA:4,partition
FNDA:11,paginate
FNDA:28,(anonymous_227)
FNDA:4,paginated
FNDA:11,(anonymous_229)
FNDA:11,(anonymous_230)
FNDA:11,childWritten
FNDA:4,rootWritten
FNDA:4,committing
FNDA:11,(anonymous_234)
FNDA:11,childCommitted
FNDA:4,rootCommitted
FNDA:11,(anonymous_237)
FNDA:7,exorcise
FNDA:7,opened
FNDA:7,written
FNDA:7,closed
FNDA:4,deleteGhost
FNDA:4,upgrade
FNDA:4,descendLeaf
FNDA:4,shift
FNDA:4,release
FNDA:8,(anonymous_247)
FNDA:30,mergePages
FNDA:30,upgrade
FNDA:30,parentOfPageToMerge
FNDA:17,(anonymous_251)
FNDA:30,parentOfLeftSibling
FNDA:30,gatherLockedPages
FNDA:30,descendToLeftPageToMerge
FNDA:30,descendToRightPageToMerge
FNDA:30,merge
FNDA:30,merged
FNDA:28,uncachePivot
FNDA:28,renameRightPageToMerge
FNDA:28,rewriteKeyedBranchPage
FNDA:31,rewriteEmpties
FNDA:28,beginCommit
FNDA:31,unlinkEmpties
FNDA:28,replaceLeftPageToMerge
FNDA:28,unlinkRightPageToMerge
FNDA:28,endCommit
FNDA:30,release
FNDA:30,(anonymous_268)
FNDA:110,(anonymous_269)
FNDA:28,propagate
FNDA:23,mergeLeaves
FNDA:23,stopper
FNDA:23,merger
FNDA:21,deleteGhost
FNDA:21,merge
FNDA:19,fetch
FNDA:19,copy
FNDA:21,rewriteLeftLeaf
FNDA:21,resume
FNDA:12,chooseBranchesToMerge
FNDA:12,getKey
FNDA:12,unlockPage
FNDA:12,findPage
FNDA:12,findLeftPage
FNDA:12,findRightPage
FNDA:12,choose
FNDA:7,propagate
FNDA:12,release
FNDA:32,(anonymous_289)
FNDA:7,mergeBranches
FNDA:7,stopper
FNDA:7,merger
FNDA:10,(anonymous_293)
FNDA:7,resume
FNDA:3,fillRoot
FNDA:3,getChild
FNDA:3,fill
FNDA:3,(anonymous_298)
FNDA:9,(anonymous_299)
FNDA:3,rewriteChild
FNDA:3,beginCommit
FNDA:3,unlinkChild
FNDA:3,endCommit
FNDA:6,(anonymous_304)
FNDA:142,cursor
FNDA:140,penultimate
FNDA:140,leaf
FNDA:80,iterator
FNDA:62,mutator
FNDA:38,balance
FNDA:2,vivify
FNDA:13,record
FNDA:2,begin
FNDA:2,(anonymous_314)
FNDA:18,expand
FNDA:3,branch
FNDA:2,designated
FNDA:3,keyed
FNDA:3,expanded
FNDA:10,leaf
FNDA:38,get
FNDA:28,push
FNDA:7,purge
DA:150,65
DA:151,1123
DA:152,926
DA:156,65
DA:190,510
DA:193,499
DA:205,65
DA:206,1239
DA:207,1239
DA:208,18740
DA:209,18740
DA:210,5026
DA:211,13714
DA:212,2229
DA:214,11485
DA:216,1239
DA:285,65
DA:286,74
DA:290,24204
DA:302,104
DA:305,74
DA:307,2
DA:308,1
DA:310,73
DA:311,1379
DA:314,65
DA:315,7215
DA:318,65
DA:319,8567
DA:320,8567
DA:321,8567
DA:322,8568
DA:323,9
DA:325,8559
DA:326,8559
DA:327,120
DA:329,8439
DA:332,4
DA:338,65
DA:340,65
DA:342,74
DA:344,65
DA:345,2
DA:366,65
DA:367,850
DA:368,850
DA:369,849
DA:370,848
DA:390,65
DA:391,1590
DA:392,1590
DA:393,1590
DA:394,1590
DA:395,1590
DA:401,65
DA:402,164
DA:406,164
DA:408,65
DA:409,164
DA:410,164
DA:413,65
DA:414,164
DA:415,162
DA:420,65
DA:421,81
DA:425,65
DA:426,34
DA:458,65
DA:459,1135
DA:460,1135
DA:461,1135
DA:462,1135
DA:463,1135
DA:464,1135
DA:468,65
DA:469,770
DA:470,770
DA:471,770
DA:472,770
DA:511,65
DA:512,2675
DA:513,2675
DA:613,65
DA:614,228
DA:624,228
DA:627,74
DA:631,65
DA:632,390
DA:654,65
DA:656,891
DA:659,891
DA:662,891
DA:665,891
DA:668,891
DA:671,891
DA:676,65
DA:677,1292
DA:678,1292
DA:679,404
DA:680,404
DA:701,65
DA:702,450
DA:711,450
DA:712,450
DA:715,450
DA:716,94
DA:719,65
DA:720,94
DA:721,94
DA:725,65
DA:726,450
DA:728,450
DA:729,450
DA:730,450
DA:732,450
DA:734,450
DA:740,65
DA:741,455
DA:744,65
DA:745,455
DA:746,455
DA:747,455
DA:748,5
DA:828,65
DA:829,238
DA:830,238
DA:862,65
DA:863,45
DA:864,45
DA:917,65
DA:918,167
DA:919,167
DA:929,65
DA:933,176
DA:955,176
DA:957,65
DA:958,176
DA:961,65
DA:962,176
DA:963,176
DA:971,65
DA:972,183
DA:973,183
DA:974,183
DA:975,183
DA:976,183
DA:977,183
DA:978,183
DA:981,65
DA:982,366
DA:983,183
DA:984,183
DA:986,183
DA:990,65
DA:991,183
DA:992,183
DA:993,183
DA:994,24695
DA:995,24695
DA:996,367
DA:997,367
DA:998,367
DA:999,367
DA:1000,176
DA:1001,176
DA:1002,176
DA:1003,176
DA:1004,176
DA:1005,176
DA:1006,176
DA:1008,191
DA:1009,191
DA:1010,163
DA:1012,191
DA:1016,7
DA:1017,7
DA:1020,65
DA:1023,176
DA:1027,176
DA:1028,176
DA:1029,191
DA:1030,191
DA:1031,191
DA:1032,163
DA:1033,28
DA:1034,12
DA:1035,12
DA:1037,16
DA:1042,176
DA:1043,543
DA:1044,163
DA:1049,176
DA:1053,65
DA:1054,176
DA:1067,65
DA:1068,351
DA:1069,18035
DA:1070,336
DA:1096,65
DA:1097,336
DA:1101,336
DA:1102,161
DA:1104,65
DA:1105,161
DA:1106,161
DA:1109,65
DA:1110,336
DA:1113,65
DA:1114,336
DA:1116,65
DA:1117,351
DA:1120,65
DA:1121,351
DA:1122,351
DA:1123,336
DA:1124,336
DA:1126,15
DA:1127,15
DA:1128,15
DA:1133,65
DA:1134,336
DA:1154,65
DA:1155,83
DA:1164,83
DA:1166,65
DA:1167,83
DA:1169,83
DA:1170,83
DA:1173,83
DA:1176,83
DA:1179,65
DA:1180,292
DA:1181,83
DA:1182,6
DA:1186,65
DA:1187,209
DA:1190,209
DA:1193,65
DA:1194,209
DA:1195,209
DA:1199,65
DA:1200,209
DA:1201,209
DA:1202,209
DA:1208,65
DA:1209,77
DA:1210,77
DA:1211,209
DA:1212,209
DA:1214,77
DA:1218,65
DA:1219,83
DA:1395,65
DA:1396,173
DA:1404,173
DA:1406,74
DA:1426,65
DA:1428,1232
DA:1436,1232
DA:1437,261
DA:1439,261
DA:1442,261
DA:1444,971
DA:1448,1232
DA:1450,965
DA:1453,965
DA:1454,947
DA:1457,947
DA:1459,947
DA:1463,1232
DA:1470,65
DA:1471,114
DA:1472,114
DA:1473,114
DA:1483,65
DA:1484,305
DA:1485,58
DA:1486,58
DA:1499,65
DA:1500,82
DA:1501,82
DA:1502,82
DA:1503,82
DA:1504,82
DA:1505,82
DA:1506,82
DA:1514,65
DA:1516,147
DA:1518,147
DA:1519,145
DA:1544,65
DA:1545,8
DA:1547,8
DA:1549,65
DA:1550,8
DA:1553,65
DA:1554,7
DA:1555,6
DA:1558,65
DA:1559,17
DA:1563,5
DA:1564,5
DA:1565,5
DA:1568,5
DA:1569,5
DA:1573,65
DA:1574,10
DA:1575,5
DA:1576,5
DA:1580,65
DA:1581,10
DA:1619,65
DA:1620,66
DA:1622,66
DA:1624,65
DA:1625,66
DA:1628,65
DA:1629,66
DA:1630,493
DA:1631,493
DA:1632,492
DA:1635,66
DA:1644,66
DA:1728,65
DA:1737,1068
DA:1740,1068
DA:1742,745
DA:1747,323
DA:1784,1068
DA:1785,1068
DA:1786,234
DA:1787,234
DA:1788,234
DA:1789,232
DA:1790,232
DA:1793,834
DA:1794,834
DA:1795,833
DA:1810,65
DA:1811,2123
DA:1812,2123
DA:1813,1031
DA:1814,996
DA:1816,1031
DA:1817,2566
DA:1818,2566
DA:1820,2566
DA:1823,1092
DA:1824,1082
DA:1826,1092
DA:1827,604
DA:1828,604
DA:1831,2123
DA:1852,65
DA:1854,1065
DA:1856,329
DA:1859,329
DA:1865,65
DA:1866,323
DA:1867,329
DA:1870,323
DA:1871,2
DA:1875,321
DA:1876,321
DA:1880,323
DA:1881,176
DA:1883,147
DA:1889,736
DA:1890,736
DA:1902,65
DA:1905,1066
DA:1906,1066
DA:1907,1066
DA:1910,1066
DA:1911,234
DA:1914,234
DA:1915,3
DA:1928,74
DA:1932,65
DA:1933,1245
DA:1934,1245
DA:1935,336
DA:1936,336
DA:1939,909
DA:1955,65
DA:1956,523
DA:1957,523
DA:1958,278
DA:1959,278
DA:1961,245
DA:1962,114
DA:1967,114
DA:1969,65
DA:1970,304
DA:1971,304
DA:1972,190
DA:1973,190
DA:1974,190
DA:1975,190
DA:1978,114
DA:1979,190
DA:1980,114
DA:1981,114
DA:1986,131
DA:1990,65
DA:1991,898
DA:1992,898
DA:2004,65
DA:2005,360
DA:2007,360
DA:2009,65
DA:2010,609
DA:2011,424
DA:2012,424
DA:2014,185
DA:2018,65
DA:2019,424
DA:2020,424
DA:2021,175
DA:2023,249
DA:2024,136
DA:2025,249
DA:2160,65
DA:2162,743
DA:2166,743
DA:2177,1256
DA:2180,544
DA:2185,429
DA:2189,65
DA:2193,112
DA:2199,65
DA:2205,65
DA:2238,65
DA:2239,521
DA:2253,65
DA:2261,65
DA:2262,47
DA:2264,47
DA:2266,65
DA:2267,47
DA:2268,47
DA:2278,65
DA:2279,199
DA:2280,326
DA:2285,234
DA:2305,65
DA:2314,65
DA:2315,52
DA:2316,117
DA:2321,65
DA:2324,65
DA:2327,401
DA:2330,357
DA:2334,65
DA:2335,231
DA:2345,743
DA:2347,65
DA:2348,605
DA:2349,605
DA:2358,743
DA:2359,65
DA:2365,65
DA:2372,65
DA:2373,540
DA:2375,540
DA:2377,65
DA:2378,1162
DA:2379,538
DA:2382,624
DA:2383,219
DA:2384,219
DA:2386,624
DA:2387,162
DA:2388,162
DA:2390,624
DA:2394,65
DA:2395,622
DA:2396,622
DA:2397,622
DA:2398,622
DA:2401,65
DA:2402,622
DA:2403,148
DA:2405,474
DA:2407,622
DA:2408,622
DA:2409,19
DA:2411,622
DA:2416,743
DA:2512,65
DA:2514,140
DA:2520,65
DA:2521,462
DA:2522,462
DA:2528,65
DA:2529,180
DA:2532,180
DA:2535,180
DA:2536,113
DA:2538,67
DA:2541,65
DA:2543,113
DA:2546,113
DA:2549,113
DA:2550,113
DA:2553,113
DA:2560,65
DA:2561,34
DA:2565,65
DA:2566,253
DA:2569,65
DA:2571,186
DA:2573,632
DA:2575,140
DA:2577,140
DA:2724,65
DA:2725,33
DA:2732,33
DA:2733,1
DA:2734,1
DA:2739,32
DA:2744,32
DA:2748,32
DA:2754,32
DA:2755,5
DA:2760,65
DA:2779,5
DA:2780,1
DA:2782,4
DA:2785,65
DA:2786,4
DA:2788,65
DA:2789,4
DA:2790,4
DA:2791,4
DA:2795,65
DA:2796,5
DA:2797,3
DA:2801,65
DA:2802,29
DA:2805,29
DA:2810,29
DA:2812,65
DA:2813,29
DA:2816,65
DA:2818,29
DA:2819,29
DA:2822,29
DA:2823,29
DA:2826,65
DA:2827,29
DA:2836,65
DA:2838,45
DA:2844,45
DA:2847,45
DA:2849,65
DA:2850,45
DA:2853,65
DA:2858,45
DA:2859,14
DA:2860,14
DA:2862,31
DA:2863,31
DA:2866,45
DA:2869,65
DA:2870,45
DA:2874,62
DA:3349,65
DA:3350,110
DA:3358,110
DA:3360,65
DA:3361,2
DA:3373,65
DA:3374,118
DA:3375,44
DA:3376,74
DA:3377,57
DA:3439,65
DA:3440,38
DA:3444,38
DA:3447,37
DA:3448,37
DA:3449,1
DA:3453,36
DA:3454,36
DA:3455,36
DA:3472,65
DA:3474,45
DA:3489,45
DA:3490,40
DA:3497,65
DA:3498,74
DA:3499,74
DA:3500,74
DA:3501,65
DA:3502,74
DA:3506,74
DA:3507,74
DA:3508,74
DA:3509,21
DA:3510,74
DA:3523,65
DA:3524,45
DA:3525,29
DA:3526,11
DA:3528,16
DA:3532,65
DA:3533,18
DA:3534,18
DA:3536,65
DA:3537,18
DA:3538,18
DA:3543,65
DA:3544,18
DA:3545,18
DA:3546,3
DA:3547,3
DA:3549,15
DA:3553,65
DA:3554,18
DA:3555,18
DA:3557,18
DA:3562,65
DA:3563,29
DA:3565,29
DA:3566,20
DA:3567,19
DA:3569,9
DA:3572,65
DA:3573,20
DA:3574,20
DA:3576,20
DA:3580,65
DA:3581,45
DA:3582,9
DA:3584,36
DA:3593,65
DA:3594,36
DA:3597,36
DA:3598,74
DA:3602,65
DA:3603,50
DA:3604,50
DA:3605,39
DA:3606,15
DA:3607,15
DA:3610,50
DA:3614,65
DA:3615,11
DA:3616,11
DA:3617,11
DA:3626,36
DA:3627,45
DA:3628,45
DA:3629,45
DA:3632,45
DA:3634,11
DA:3636,11
DA:3638,11
DA:3646,36
DA:3647,74
DA:3653,36
DA:3654,36
DA:3655,36
DA:3656,28
DA:3657,5
DA:3658,5
DA:3660,23
DA:3661,10
DA:3668,36
DA:3669,51
DA:3672,51
DA:3673,23
DA:3674,23
DA:3678,23
DA:3679,23
DA:3684,36
DA:3685,4
DA:3686,4
DA:3692,36
DA:3695,65
DA:3696,36
DA:3697,65
DA:3698,72
DA:3699,72
DA:3701,37
DA:3704,35
DA:3705,35
DA:3708,36
DA:3722,65
DA:3724,12
DA:3726,5
DA:3727,3
DA:3729,2
DA:3732,7
DA:3749,65
DA:3751,11
DA:3760,11
DA:3761,10
DA:3763,65
DA:3764,1
DA:3765,1
DA:3768,65
DA:3770,11
DA:3774,11
DA:3778,65
DA:3779,11
DA:3783,65
DA:3784,11
DA:3785,11
DA:3790,65
DA:3793,11
DA:3795,11
DA:3796,1
DA:3797,1
DA:3800,10
DA:3804,65
DA:3807,10
DA:3808,10
DA:3809,10
DA:3811,10
DA:3814,10
DA:3816,10
DA:3819,65
DA:3820,57
DA:3821,10
DA:3825,65
DA:3827,47
DA:3830,47
DA:3831,47
DA:3834,47
DA:3838,47
DA:3839,47
DA:3840,47
DA:3842,47
DA:3845,65
DA:3847,135
DA:3849,135
DA:3851,65
DA:3852,135
DA:3854,135
DA:3855,135
DA:3856,135
DA:3857,135
DA:3858,47
DA:3864,65
DA:3866,47
DA:3869,47
DA:3872,47
DA:3873,47
DA:3876,65
DA:3877,47
DA:3881,65
DA:3883,10
DA:3886,10
DA:3887,10
DA:3891,65
DA:3892,10
DA:3896,65
DA:3897,10
DA:3901,65
DA:3902,57
DA:3905,65
DA:3906,55
DA:3908,46
DA:3911,9
DA:3933,65
DA:3934,9
DA:3935,9
DA:3937,9
DA:3940,65
DA:3944,20
DA:3950,10
DA:3955,65
DA:3957,2
DA:3967,2
DA:3971,2
DA:3974,65
DA:3975,2
DA:3979,65
DA:3980,2
DA:3981,2
DA:3989,65
DA:3990,2
DA:3994,2
DA:3995,2
DA:3996,2
DA:3999,2
DA:4001,2
DA:4004,65
DA:4006,10
DA:4009,10
DA:4014,10
DA:4015,10
DA:4018,10
DA:4021,28
DA:4024,10
DA:4027,10
DA:4028,2
DA:4032,65
DA:4034,2
DA:4037,10
DA:4040,2
DA:4043,12
DA:4046,2
DA:4049,65
DA:4050,12
DA:4051,2
DA:4056,65
DA:4057,2
DA:4061,65
DA:4062,12
DA:4065,2
DA:4068,65
DA:4069,12
DA:4070,2
DA:4079,65
DA:4083,4
DA:4088,2
DA:4103,65
DA:4104,4
DA:4107,4
DA:4109,65
DA:4110,4
DA:4113,4
DA:4114,4
DA:4115,4
DA:4117,4
DA:4120,65
DA:4122,11
DA:4125,11
DA:4130,11
DA:4131,11
DA:4134,11
DA:4137,28
DA:4140,11
DA:4143,11
DA:4144,4
DA:4147,65
DA:4149,4
DA:4152,11
DA:4155,11
DA:4158,4
DA:4161,65
DA:4162,11
DA:4163,4
DA:4168,65
DA:4169,4
DA:4173,65
DA:4174,11
DA:4177,4
DA:4180,65
DA:4181,11
DA:4182,4
DA:4187,65
DA:4188,11
DA:4190,4
DA:4192,4
DA:4193,3
DA:4229,65
DA:4230,7
DA:4233,7
DA:4236,7
DA:4237,7
DA:4240,7
DA:4242,65
DA:4243,7
DA:4245,65
DA:4246,7
DA:4249,65
DA:4250,7
DA:4259,65
DA:4260,4
DA:4263,4
DA:4264,4
DA:4266,65
DA:4267,4
DA:4278,65
DA:4279,4
DA:4281,4
DA:4282,4
DA:4284,4
DA:4288,65
DA:4289,4
DA:4293,65
DA:4294,4
DA:4295,8
DA:4296,4
DA:4312,65
DA:4314,30
DA:4324,30
DA:4325,30
DA:4329,65
DA:4330,30
DA:4335,65
DA:4342,30
DA:4347,30
DA:4348,30
DA:4355,30
DA:4356,17
DA:4357,5
DA:4358,5
DA:4359,12
DA:4360,2
DA:4361,2
DA:4362,2
DA:4363,10
DA:4364,2
DA:4369,30
DA:4382,65
DA:4383,30
DA:4384,30
DA:4385,30
DA:4386,4
DA:4387,4
DA:4389,30
DA:4396,65
DA:4400,30
DA:4401,2
DA:4402,2
DA:4415,28
DA:4416,28
DA:4417,9
DA:4421,30
DA:4422,11
DA:4425,30
DA:4432,65
DA:4433,30
DA:4434,30
DA:4439,65
DA:4440,30
DA:4441,30
DA:4444,65
DA:4445,30
DA:4448,65
DA:4449,30
DA:4450,2
DA:4453,65
DA:4455,28
DA:4456,28
DA:4459,65
DA:4460,28
DA:4463,65
DA:4464,28
DA:4466,28
DA:4467,28
DA:4469,28
DA:4470,28
DA:4473,65
DA:4474,31
DA:4475,3
DA:4477,28
DA:4481,65
DA:4488,28
DA:4490,28
DA:4495,65
DA:4496,31
DA:4497,3
DA:4499,28
DA:4504,65
DA:4505,28
DA:4508,65
DA:4509,28
DA:4512,65
DA:4513,28
DA:4516,65
DA:4517,30
DA:4519,110
DA:4520,30
DA:4521,30
DA:4526,65
DA:4529,28
DA:4530,16
DA:4531,3
DA:4533,13
DA:4536,12
DA:4550,65
DA:4555,65
DA:4563,65
DA:4564,23
DA:4566,23
DA:4567,23
DA:4570,23
DA:4572,23
DA:4575,2
DA:4576,1
DA:4578,2
DA:4579,1
DA:4581,2
DA:4583,21
DA:4586,23
DA:4588,65
DA:4589,21
DA:4590,18
DA:4593,65
DA:4596,21
DA:4598,21
DA:4600,21
DA:4601,9
DA:4604,23
DA:4610,65
DA:4612,19
DA:4613,19
DA:4618,65
DA:4620,19
DA:4624,19
DA:4625,19
DA:4627,19
DA:4628,12
DA:4633,65
DA:4636,21
DA:4640,21
DA:4646,65
DA:4647,21
DA:4652,23
DA:4660,65
DA:4661,12
DA:4669,12
DA:4671,65
DA:4672,12
DA:4674,65
DA:4675,12
DA:4676,12
DA:4684,65
DA:4685,12
DA:4686,12
DA:4693,65
DA:4694,12
DA:4695,11
DA:4696,11
DA:4698,1
DA:4706,65
DA:4707,12
DA:4708,9
DA:4709,9
DA:4711,3
DA:4721,12
DA:4722,65
DA:4723,12
DA:4724,5
DA:4725,7
DA:4726,2
DA:4728,12
DA:4729,7
DA:4731,5
DA:4732,5
DA:4736,65
DA:4737,7
DA:4738,7
DA:4741,65
DA:4742,32
DA:4750,65
DA:4753,65
DA:4754,7
DA:4757,65
DA:4761,7
DA:4762,10
DA:4763,7
DA:4767,7
DA:4772,65
DA:4773,7
DA:4778,7
DA:4788,65
DA:4789,3
DA:4792,3
DA:4793,3
DA:4794,3
DA:4797,65
DA:4798,3
DA:4799,3
DA:4804,65
DA:4805,3
DA:4806,3
DA:4807,3
DA:4808,3
DA:4809,9
DA:4810,3
DA:4812,3
DA:4816,65
DA:4817,3
DA:4821,65
DA:4822,3
DA:4826,65
DA:4827,3
DA:4831,65
DA:4832,6
DA:4833,3
DA:4837,110
DA:4850,65
DA:4851,142
DA:4854,142
DA:4858,142
DA:4860,142
DA:4862,65
DA:4863,140
DA:4864,140
DA:4867,65
DA:4868,140
DA:4872,65
DA:4873,80
DA:4874,80
DA:4877,65
DA:4878,62
DA:4879,62
DA:4882,65
DA:4886,65
DA:4887,2
DA:4889,2
DA:4891,65
DA:4892,13
DA:4895,65
DA:4896,2
DA:4897,2
DA:4898,2
DA:4902,65
DA:4903,18
DA:4904,13
DA:4905,13
DA:4907,5
DA:4910,65
DA:4911,3
DA:4912,3
DA:4913,1
DA:4915,65
DA:4916,2
DA:4917,2
DA:4920,65
DA:4921,3
DA:4924,65
DA:4925,3
DA:4926,3
DA:4930,65
DA:4931,10
DA:4932,10
DA:4934,10
DA:4936,65
DA:4937,38
DA:4938,28
DA:4940,10
DA:4941,10
DA:4944,65
DA:4945,28
DA:4946,28
DA:4955,65
DA:4958,7
DA:4959,7
DA:4960,7
DA:4961,26
DA:4963,26
DA:4965,25
DA:4967,25
DA:4968,25
DA:4970,1
DA:4975,74
DA:4982,65
LF:1155
LH:1155
BRDA:190,1,0,155
BRDA:190,1,1,355
BRDA:190,2,0,116
BRDA:190,2,1,239
BRDA:209,3,0,5026
BRDA:209,3,1,13714
BRDA:211,4,0,2229
BRDA:211,4,1,11485
BRDA:287,5,0,74
BRDA:287,5,1,74
BRDA:288,6,0,74
BRDA:288,6,1,74
BRDA:289,7,0,74
BRDA:289,7,1,71
BRDA:290,8,0,4
BRDA:290,8,1,24200
BRDA:298,9,0,74
BRDA:298,9,1,73
BRDA:302,10,0,74
BRDA:302,10,1,70
BRDA:305,11,0,1
BRDA:305,11,1,73
BRDA:322,12,0,9
BRDA:322,12,1,8559
BRDA:326,13,0,120
BRDA:326,13,1,8439
BRDA:326,14,0,8559
BRDA:326,14,1,120
BRDA:369,15,0,849
BRDA:369,15,1,849
BRDA:393,16,0,1590
BRDA:393,16,1,1099
BRDA:414,17,0,2
BRDA:414,17,1,162
BRDA:414,18,0,164
BRDA:414,18,1,79
BRDA:624,19,0,228
BRDA:624,19,1,5
BRDA:659,20,0,499
BRDA:659,20,1,392
BRDA:678,21,0,404
BRDA:678,21,1,888
BRDA:715,22,0,356
BRDA:715,22,1,94
BRDA:747,23,0,450
BRDA:747,23,1,5
BRDA:941,24,0,176
BRDA:941,24,1,175
BRDA:972,25,0,1
BRDA:972,25,1,182
BRDA:974,26,0,175
BRDA:974,26,1,8
BRDA:982,27,0,183
BRDA:982,27,1,183
BRDA:995,28,0,367
BRDA:995,28,1,24328
BRDA:995,29,0,24695
BRDA:995,29,1,24346
BRDA:995,29,2,25
BRDA:999,30,0,176
BRDA:999,30,1,191
BRDA:1009,31,0,163
BRDA:1009,31,1,28
BRDA:1031,32,0,163
BRDA:1031,32,1,28
BRDA:1033,33,0,12
BRDA:1033,33,1,16
BRDA:1033,34,0,28
BRDA:1033,34,1,14
BRDA:1043,35,0,163
BRDA:1043,35,1,380
BRDA:1069,36,0,336
BRDA:1069,36,1,17699
BRDA:1097,37,0,336
BRDA:1097,37,1,333
BRDA:1101,38,0,175
BRDA:1101,38,1,161
BRDA:1122,39,0,336
BRDA:1122,39,1,15
BRDA:1180,40,0,209
BRDA:1180,40,1,83
BRDA:1181,41,0,77
BRDA:1181,41,1,6
BRDA:1404,42,0,173
BRDA:1404,42,1,21
BRDA:1428,43,0,1232
BRDA:1428,43,1,936
BRDA:1436,44,0,261
BRDA:1436,44,1,971
BRDA:1439,45,0,119
BRDA:1439,45,1,142
BRDA:1448,46,0,965
BRDA:1448,46,1,267
BRDA:1450,47,0,607
BRDA:1450,47,1,358
BRDA:1453,48,0,947
BRDA:1453,48,1,18
BRDA:1454,49,0,482
BRDA:1454,49,1,465
BRDA:1484,50,0,58
BRDA:1484,50,1,247
BRDA:1574,51,0,5
BRDA:1574,51,1,5
BRDA:1581,52,0,5
BRDA:1581,52,1,5
BRDA:1631,53,0,492
BRDA:1631,53,1,1
BRDA:1740,54,0,745
BRDA:1740,54,1,323
BRDA:1747,55,0,176
BRDA:1747,55,1,147
BRDA:1785,56,0,234
BRDA:1785,56,1,834
BRDA:1788,57,0,232
BRDA:1788,57,1,2
BRDA:1794,58,0,833
BRDA:1794,58,1,1
BRDA:1812,59,0,1031
BRDA:1812,59,1,1092
BRDA:1813,60,0,996
BRDA:1813,60,1,35
BRDA:1823,61,0,1082
BRDA:1823,61,1,10
BRDA:1854,62,0,329
BRDA:1854,62,1,736
BRDA:1859,63,0,323
BRDA:1859,63,1,6
BRDA:1870,64,0,2
BRDA:1870,64,1,321
BRDA:1880,65,0,176
BRDA:1880,65,1,147
BRDA:1910,66,0,1300
BRDA:1910,66,1,1286
BRDA:1934,67,0,336
BRDA:1934,67,1,909
BRDA:1957,68,0,278
BRDA:1957,68,1,245
BRDA:1961,69,0,114
BRDA:1961,69,1,131
BRDA:1971,70,0,190
BRDA:1971,70,1,114
BRDA:2005,71,0,360
BRDA:2005,71,1,122
BRDA:2010,72,0,424
BRDA:2010,72,1,185
BRDA:2020,73,0,175
BRDA:2020,73,1,249
BRDA:2023,74,0,113
BRDA:2023,74,1,136
BRDA:2162,75,0,743
BRDA:2162,75,1,222
BRDA:2166,76,0,743
BRDA:2166,76,1,445
BRDA:2167,77,0,222
BRDA:2167,77,1,521
BRDA:2168,78,0,222
BRDA:2168,78,1,521
BRDA:2169,79,0,743
BRDA:2169,79,1,222
BRDA:2170,80,0,743
BRDA:2170,80,1,222
BRDA:2280,81,0,88
BRDA:2280,81,1,238
BRDA:2285,82,0,234
BRDA:2285,82,1,218
BRDA:2305,83,0,62
BRDA:2305,83,1,18
BRDA:2316,84,0,117
BRDA:2316,84,1,65
BRDA:2316,84,2,60
BRDA:2348,85,0,274
BRDA:2348,85,1,331
BRDA:2378,86,0,538
BRDA:2378,86,1,624
BRDA:2382,87,0,219
BRDA:2382,87,1,405
BRDA:2386,88,0,162
BRDA:2386,88,1,462
BRDA:2402,89,0,148
BRDA:2402,89,1,474
BRDA:2402,90,0,622
BRDA:2402,90,1,403
BRDA:2408,91,0,19
BRDA:2408,91,1,603
BRDA:2408,92,0,622
BRDA:2408,92,1,23
BRDA:2516,93,0,22
BRDA:2516,93,1,118
BRDA:2535,94,0,113
BRDA:2535,94,1,67
BRDA:2577,95,0,78
BRDA:2577,95,1,62
BRDA:2732,96,0,1
BRDA:2732,96,1,32
BRDA:2732,97,0,33
BRDA:2732,97,1,4
BRDA:2744,98,0,32
BRDA:2744,98,1,21
BRDA:2744,98,2,21
BRDA:2748,99,0,32
BRDA:2748,99,1,9
BRDA:2754,100,0,27
BRDA:2754,100,1,5
BRDA:2779,101,0,1
BRDA:2779,101,1,4
BRDA:2796,102,0,2
BRDA:2796,102,1,3
BRDA:2838,103,0,45
BRDA:2838,103,1,32
BRDA:2858,104,0,14
BRDA:2858,104,1,31
BRDA:2860,105,0,14
BRDA:2860,105,1,13
BRDA:3374,106,0,44
BRDA:3374,106,1,74
BRDA:3376,107,0,57
BRDA:3376,107,1,17
BRDA:3444,108,0,1
BRDA:3444,108,1,37
BRDA:3448,109,0,1
BRDA:3448,109,1,36
BRDA:3489,110,0,5
BRDA:3489,110,1,40
BRDA:3508,111,0,21
BRDA:3508,111,1,53
BRDA:3524,112,0,29
BRDA:3524,112,1,16
BRDA:3525,113,0,18
BRDA:3525,113,1,11
BRDA:3525,114,0,29
BRDA:3525,114,1,21
BRDA:3545,115,0,3
BRDA:3545,115,1,15
BRDA:3565,116,0,20
BRDA:3565,116,1,9
BRDA:3565,117,0,29
BRDA:3565,117,1,27
BRDA:3566,118,0,1
BRDA:3566,118,1,19
BRDA:3581,119,0,9
BRDA:3581,119,1,36
BRDA:3604,120,0,39
BRDA:3604,120,1,11
BRDA:3605,121,0,15
BRDA:3605,121,1,24
BRDA:3632,122,0,11
BRDA:3632,122,1,34
BRDA:3632,123,0,45
BRDA:3632,123,1,12
BRDA:3647,124,0,38
BRDA:3647,124,1,36
BRDA:3655,125,0,64
BRDA:3655,125,1,51
BRDA:3656,126,0,5
BRDA:3656,126,1,23
BRDA:3660,127,0,10
BRDA:3660,127,1,13
BRDA:3672,128,0,23
BRDA:3672,128,1,28
BRDA:3686,129,0,3
BRDA:3686,129,1,1
BRDA:3699,130,0,37
BRDA:3699,130,1,35
BRDA:3724,131,0,5
BRDA:3724,131,1,7
BRDA:3726,132,0,3
BRDA:3726,132,1,2
BRDA:3760,133,0,1
BRDA:3760,133,1,10
BRDA:3795,134,0,1
BRDA:3795,134,1,10
BRDA:3820,135,0,47
BRDA:3820,135,1,10
BRDA:3838,136,0,5
BRDA:3838,136,1,42
BRDA:3857,137,0,88
BRDA:3857,137,1,47
BRDA:3906,138,0,9
BRDA:3906,138,1,46
BRDA:4014,139,0,8
BRDA:4014,139,1,2
BRDA:4027,140,0,8
BRDA:4027,140,1,2
BRDA:4050,141,0,2
BRDA:4050,141,1,10
BRDA:4069,142,0,2
BRDA:4069,142,1,10
BRDA:4130,143,0,3
BRDA:4130,143,1,8
BRDA:4143,144,0,7
BRDA:4143,144,1,4
BRDA:4162,145,0,4
BRDA:4162,145,1,7
BRDA:4181,146,0,4
BRDA:4181,146,1,7
BRDA:4192,147,0,1
BRDA:4192,147,1,3
BRDA:4356,148,0,5
BRDA:4356,148,1,12
BRDA:4357,149,0,4
BRDA:4357,149,1,1
BRDA:4359,150,0,2
BRDA:4359,150,1,10
BRDA:4360,151,0,1
BRDA:4360,151,1,1
BRDA:4363,152,0,2
BRDA:4363,152,1,8
BRDA:4385,153,0,4
BRDA:4385,153,1,26
BRDA:4400,154,0,2
BRDA:4400,154,1,28
BRDA:4416,155,0,9
BRDA:4416,155,1,19
BRDA:4421,156,0,11
BRDA:4421,156,1,19
BRDA:4449,157,0,28
BRDA:4449,157,1,2
BRDA:4474,158,0,3
BRDA:4474,158,1,28
BRDA:4496,159,0,3
BRDA:4496,159,1,28
BRDA:4529,160,0,16
BRDA:4529,160,1,12
BRDA:4530,161,0,3
BRDA:4530,161,1,13
BRDA:4530,162,0,16
BRDA:4530,162,1,10
BRDA:4572,163,0,2
BRDA:4572,163,1,21
BRDA:4575,164,0,1
BRDA:4575,164,1,1
BRDA:4578,165,0,1
BRDA:4578,165,1,1
BRDA:4589,166,0,3
BRDA:4589,166,1,18
BRDA:4589,167,0,21
BRDA:4589,167,1,4
BRDA:4600,168,0,12
BRDA:4600,168,1,9
BRDA:4627,169,0,7
BRDA:4627,169,1,12
BRDA:4694,170,0,11
BRDA:4694,170,1,1
BRDA:4707,171,0,9
BRDA:4707,171,1,3
BRDA:4723,172,0,5
BRDA:4723,172,1,7
BRDA:4723,173,0,12
BRDA:4723,173,1,11
BRDA:4725,174,0,2
BRDA:4725,174,1,5
BRDA:4725,175,0,7
BRDA:4725,175,1,5
BRDA:4728,176,0,7
BRDA:4728,176,1,5
BRDA:4858,177,0,75
BRDA:4858,177,1,67
BRDA:4863,178,0,62
BRDA:4863,178,1,78
BRDA:4903,179,0,13
BRDA:4903,179,1,5
BRDA:4905,180,0,10
BRDA:4905,180,1,3
BRDA:4912,181,0,2
BRDA:4912,181,1,1
BRDA:4937,182,0,28
BRDA:4937,182,1,10
BRDA:4960,183,0,33
BRDA:4960,183,1,27
BRDA:4963,184,0,25
BRDA:4963,184,1,1
BRDA:4963,185,0,26
BRDA:4963,185,1,25
BRF:373
BRH:373
end_of_record
